
================== ASTRAL ===================== 

This is ASTRAL version 5.7.8
Gene trees are treated as unrooted
769 trees read from /home/tmichel/scratch/Deleterious_alleles_PNG/CAPTUS/CAPTUS-PNG/05_phylogeny_FastTreeAstral/ASTRAL/gene_trees_good.tre
index0
All output trees will be *arbitrarily* rooted at B.S.Pet.60

======== Running the main analysis
Number of taxa: 166 (166 species)
Taxa: [B.S.Pet.60, B.S.Pet.ELAE4.196, B.S.Pet.60a, B.S.Pet.ELAE27.204, B.S.Pet.ELAE62.213, B.S.Pet.ELAE52.211, B.S.Pet.B44.132, B.S.Pet.B44.41, B.S.Pet.ELAE94.223, B.S.Pet.ELAE82.216, B.S.Pet.ELAE81.215, B.S.Pet.ELAE1.195, B.S.Pet.ELAE98.225, B.S.Sym.B34.121, B.S.Pet.127, B.peruviana36, B.subciliata24, B.S.Pet.ELAE119.234, B.maynensis37, B.antsiranensis175, Hillebrandia, B.S.Pet.B1.133, B.cyrtandroides.sp.nov14, B.cyrtandroides.sp.nov14a, B.bipinnatifida1, B.cyrtandroides.sp.nov16a, B.cyrtandroides.sp.nov19, B.cyrtandroides.sp.nov17, B.strigosa113, B.sp.ABEG248.174, B.weigallii57, B.bipinnatifida58, B.mimikaensis159, B.mimikaensis159a, B.stilandra18, B.stilandra18a, B.cf.fulvovillosa31, B.fulvovillosa151, B.S.Sym.117, B.S.Sym.117a, B.S.Sym.48a, B.symsanguinea25, B.cf.fulvovillosa31a, B.symsanguinea25a, B.S.Sym.28a, B.S.Sym.28, B.asaroensis46, B.S.Sym.ELAE46.209, B.vinkii3b, B.vinkii208, B.vinkii197, B.oligandra200, B.vinkii3a, B.erodifolia45a, B.symsanguinea139, B.asaroensis46a, B.cf.strigosa142, B.S.Pet.156, B.S.Pet.157, B.S.Pet.B33.131, B.vinkii138, B.S.Pet.89, B.S.Pet.83, B.sp.Wilkie29116.71, B.lagunensis64, B.sp.Wilkie29124.76, B.brassii202, B.stenogyna67, B.uniflora167, B.kemumuensis27, B.stictopoda51, B.modestiflora168, B.aff.rubella169, B.longifolia34, B.S.Sym.B32.140, B.kaniensis224, B.kaniensis212, B.kaniensis201, B.kaniensis153, B.chambersiae220, B.kaniensis221, B.kaniensis153a, B.kaniensis125, B.pentandra210, B.maguniana180, B.brassii207, B.sandsiana203, B.brassii219, B.maguniana206, B.brachybotrys205a, B.magunianaHOLO198, B.brassii227, B.S.Pet.B15.110, B.cf.strigosa120, B.vinkii199, B.kaniensis153b, B.speluncae62, B.atricha52, B.brassii202a, B.stictopoda170, B.malachosticta68, B.sp.EKBOE46.171, B.S.Pet.ELAE118.233, B.S.Pet.235, B.sandaunensis238, B.S.Pet.241, B.S.Pet.244, B.aikrono237, B.aikrono240, B.fractalifolia236, B.S.Pet.242, B.S.Pet.243, B.S.Pet.245, B.S.Pet.B1.39, B.S.Pet.128, B.S.Pet.ELAE104.228, B.S.Pet.ELAE111.230, B.S.Pet.B13.44, B.aff.augustae56, B.S.Pet.B33.43, B.S.Pet.102, B.S.Pet.B15.40, B.sp.P.Blanc172, B.sp.P.Blanc2173, B.trichopoda50, B.bipinnatifida38, B.bipinnatifida178a, B.serratipetalaELAE115.232, B.S.Pet.ELAE83.217, B.bipinnatifida178, B.leucostricta176, B.sp.Rubite488.177, B.S.Pet.ELAE72.214, B.cyrtandroides.sp.nov16, B.fulvovillosa151a, B.S.Pet.129, B.S.Pet.ELAE93.222, B.sp.CKYang1598.179, B.S.Pet.ELAE86.218, B.atricha49, B.octopetala11, B.S.Sym.48, B.maguniana2a, B.aff.tafaensis87, B.kaniensis108, B.aff.jagorii65, B.aff.augustae30, B.aff.symbracteosa35, B.S.Sym.32, B.bipinnatifida1a, B.S.Pet.84, B.S.Pet.97, B.symbracteosa158, B.vinkii3, B.oligandra162, B.vinkii134, B.arfakensis29, B.asaroensis115, B.S.Pet.80, B.S.Pet.99, B.kaniensis161, B.erodifolia45, B.pendulousOligandrae13, B.sp.SUBOE60.26, B.S.Pet.93, B.maguniana61]
Taxon occupancy: {B.strigosa113=306, B.maguniana2a=246, B.aff.symbracteosa35=2, B.kaniensis153=756, B.S.Pet.ELAE82.216=722, B.S.Sym.117=734, B.octopetala11=64, B.S.Sym.117a=727, B.S.Pet.B33.43=764, B.S.Sym.28=764, B.kemumuensis27=765, B.S.Pet.129=247, B.vinkii3=37, B.cf.strigosa142=691, B.uniflora167=760, B.S.Pet.127=322, B.stilandra18=765, B.asaroensis46=765, B.S.Pet.128=759, B.vinkii197=738, B.weigallii57=768, B.brassii227=765, B.S.Pet.ELAE94.223=749, B.vinkii199=742, B.erodifolia45=2, B.aikrono240=760, B.serratipetalaELAE115.232=459, B.sp.CKYang1598.179=423, B.pendulousOligandrae13=1, B.sp.EKBOE46.171=763, B.S.Pet.ELAE62.213=756, B.S.Pet.B44.132=764, B.bipinnatifida58=738, B.sandsiana203=725, B.bipinnatifida178a=506, B.symbracteosa158=3, B.erodifolia45a=766, B.cyrtandroides.sp.nov14a=766, B.peruviana36=743, B.S.Sym.32=207, B.sp.P.Blanc2173=742, B.aikrono237=758, B.brassii219=746, B.S.Pet.ELAE118.233=765, B.trichopoda50=662, B.brassii202=715, B.aff.augustae56=765, B.kaniensis212=767, B.maguniana206=757, B.aff.rubella169=763, B.S.Pet.B44.41=768, B.cf.fulvovillosa31a=765, B.magunianaHOLO198=762, B.S.Sym.B34.121=760, B.S.Sym.48=42, B.S.Sym.48a=767, B.S.Pet.ELAE86.218=688, B.S.Pet.ELAE52.211=759, B.S.Pet.ELAE1.195=757, B.S.Pet.156=753, B.S.Pet.157=767, B.vinkii138=741, B.cf.strigosa120=759, B.S.Pet.ELAE111.230=765, B.longifolia34=761, B.atricha52=766, B.brassii207=767, B.stictopoda170=763, B.vinkii134=9, B.kaniensis201=759, B.S.Sym.ELAE46.209=766, B.S.Pet.ELAE104.228=765, B.kaniensis161=1, B.bipinnatifida38=736, B.S.Pet.B13.44=761, B.subciliata24=738, B.S.Pet.93=1, B.fractalifolia236=759, B.S.Pet.99=1, B.cyrtandroides.sp.nov16a=769, B.maguniana180=636, B.bipinnatifida178=465, B.S.Pet.97=102, B.sp.Wilkie29124.76=765, B.fulvovillosa151=768, B.atricha49=66, B.mimikaensis159=761, B.kaniensis153a=767, B.S.Pet.B1.39=763, B.S.Pet.ELAE81.215=767, B.kaniensis153b=758, B.lagunensis64=762, B.S.Pet.80=2, B.bipinnatifida1=752, B.aff.jagorii65=16, B.antsiranensis175=763, Hillebrandia=668, B.S.Pet.84=53, B.maynensis37=762, B.S.Pet.83=691, B.S.Sym.B32.140=754, B.brassii202a=766, B.S.Pet.89=378, B.sp.Wilkie29116.71=715, B.S.Pet.ELAE83.217=609, B.sp.Rubite488.177=712, B.kaniensis108=4, B.bipinnatifida1a=70, B.kaniensis224=763, B.S.Pet.60a=753, B.S.Pet.B1.133=766, B.kaniensis221=766, B.asaroensis115=3, B.oligandra200=766, B.S.Pet.ELAE119.234=759, B.S.Pet.ELAE93.222=618, B.asaroensis46a=756, B.malachosticta68=764, B.S.Pet.102=760, B.vinkii3a=761, B.oligandra162=3, B.vinkii3b=766, B.vinkii208=765, B.S.Pet.ELAE4.196=762, B.symsanguinea25=688, B.maguniana61=1, B.mimikaensis159a=739, B.brachybotrys205a=694, B.cyrtandroides.sp.nov14=768, B.chambersiae220=767, B.aff.augustae30=8, B.cyrtandroides.sp.nov16=702, B.cyrtandroides.sp.nov17=765, B.cyrtandroides.sp.nov19=765, B.speluncae62=764, B.sp.P.Blanc172=756, B.symsanguinea139=762, B.S.Pet.235=762, B.aff.tafaensis87=25, B.S.Sym.28a=756, B.S.Pet.B33.131=702, B.sp.SUBOE60.26=1, B.S.Pet.ELAE98.225=767, B.S.Pet.60=754, B.S.Pet.B15.40=764, B.arfakensis29=1, B.sp.ABEG248.174=763, B.kaniensis125=740, B.pentandra210=762, B.S.Pet.B15.110=759, B.sandaunensis238=763, B.cf.fulvovillosa31=764, B.S.Pet.242=766, B.S.Pet.243=765, B.S.Pet.241=764, B.S.Pet.244=757, B.symsanguinea25a=766, B.S.Pet.245=760, B.leucostricta176=505, B.modestiflora168=758, B.stenogyna67=760, B.S.Pet.ELAE27.204=759, B.stilandra18a=769, B.stictopoda51=761, B.S.Pet.ELAE72.214=755, B.fulvovillosa151a=235}
Number of gene trees: 769
769 trees have missing taxa
Calculating quartet distance matrix (for completion of X)
Species tree distances calculated ...
Will attempt to complete bipartitions from X before adding using a distance matrix.
Building set of clusters (X) from gene trees 
------------------------------
gradient0: 97751
Number of Clusters after addition by distance: 97751
calculating extra bipartitions to be added at level 1 ...
Adding to X using resolutions of greedy consensus ...
Limit for sigma of degrees:4200
polytomy size limit : 48
discarded polytomies: 72 90  [3, 3, 3, 3, 3, 3, 3, 4, 4, 4, 4, 5, 5, 6, 9, 17, 24, 39, 48, 72, 90]
Threshold 0.0:
polytomy of size 9; rounds with additions with at least 5 support: 10; clusters: 98207
Threshold 0.01:
polytomy of size 4; rounds with additions with at least 5 support: 1; clusters: 98215
polytomy of size 17; rounds with additions with at least 5 support: 20; clusters: 101447
Threshold 0.02:
polytomy of size 24; rounds with additions with at least 5 support: 3; clusters: 107759
polytomy of size 3; rounds with additions with at least 5 support: 0; clusters: 107759
Threshold 0.05:
polytomy of size 3; rounds with additions with at least 5 support: 0; clusters: 107759
polytomy of size 4; rounds with additions with at least 5 support: 0; clusters: 107759
polytomy of size 39; rounds with additions with at least 5 support: 6; clusters: 108247
Threshold 0.1:
polytomy of size 5; rounds with additions with at least 5 support: 0; clusters: 108247
polytomy of size 48; rounds with additions with at least 5 support: 0; clusters: 108507
Threshold 0.2:
polytomy of size 4; rounds with additions with at least 5 support: 0; clusters: 108507
polytomy of size 4; rounds with additions with at least 5 support: 0; clusters: 108507
polytomy of size 72; rounds with additions with at least 5 support: 0; clusters: 108803
Threshold 0.3333333333333333:
polytomy of size 3; rounds with additions with at least 5 support: 0; clusters: 108803
polytomy of size 6; rounds with additions with at least 5 support: 0; clusters: 108803
polytomy of size 3; rounds with additions with at least 5 support: 0; clusters: 108803
polytomy of size 3; rounds with additions with at least 5 support: 0; clusters: 108803
polytomy of size 5; rounds with additions with at least 5 support: 0; clusters: 108803
polytomy of size 3; rounds with additions with at least 5 support: 0; clusters: 108803
polytomy of size 3; rounds with additions with at least 5 support: 0; clusters: 108803
polytomy of size 90; rounds with additions with at least 5 support: 0; clusters: 108989
max k is :40
Number of Clusters after addition by greedy: 108989
gradient0 in heuristiic: 108989
partitions formed in 53.535 secs
Dynamic Programming starting after 53.535 secs
Using tree-based weight calculation.
Using polytree-based weight calculation.
Polytree max score: 9390065526
Polytree building time: 0.369 seconds.
Number of quartet trees in the gene trees: 9390065526
Size of largest cluster: 166
Greedy score: 3762183718
estimationFactor: 2.4959082888678856
Sub-optimal score: 4734535936
Calculated 100000 weights; time (seconds): 297
Calculated 200000 weights; time (seconds): 254
Total Number of elements weighted: 290311
Normalized score (portion of input quartet trees satisfied before correcting for multiple individuals): 0.6006495110585877
Optimization score: 5640138267
Optimal tree inferred in 790.636 secs.
(B.fulvovillosa151a,(B.asaroensis115,(B.S.Sym.48,(((B.S.Sym.117,B.S.Sym.117a),(B.symsanguinea25,(B.symsanguinea25a,(B.fulvovillosa151,(B.S.Sym.48a,(B.cf.fulvovillosa31,B.cf.fulvovillosa31a)))))),(B.S.Sym.B34.121,(((B.mimikaensis159,B.mimikaensis159a),((B.cyrtandroides.sp.nov14,B.cyrtandroides.sp.nov14a),((B.cyrtandroides.sp.nov16a,B.cyrtandroides.sp.nov16),(B.cyrtandroides.sp.nov19,B.cyrtandroides.sp.nov17)))),((B.cf.strigosa142,((B.vinkii197,((B.S.Sym.ELAE46.209,B.vinkii208),(B.oligandra200,(B.vinkii3b,B.vinkii3a)))),((B.erodifolia45a,B.symsanguinea139),(B.vinkii138,((B.asaroensis46,B.asaroensis46a),(B.S.Sym.28a,B.S.Sym.28)))))),(((B.sp.ABEG248.174,B.weigallii57),(B.S.Pet.156,B.S.Pet.157)),((B.stilandra18,(B.stilandra18a,B.erodifolia45)),((((B.S.Pet.B44.132,B.S.Pet.B44.41),((B.S.Pet.83,(B.S.Pet.B13.44,B.aff.augustae56)),(B.S.Pet.B1.39,(B.S.Pet.102,B.S.Pet.B15.40)))),((B.S.Pet.B33.131,B.S.Pet.B33.43),((B.sp.P.Blanc172,B.sp.P.Blanc2173),(((B.S.Pet.ELAE82.216,B.S.Pet.ELAE86.218),(B.S.Pet.ELAE94.223,(B.S.Pet.ELAE1.195,((B.S.Pet.ELAE72.214,(B.S.Pet.ELAE62.213,B.S.Pet.99)),((B.S.Pet.60,B.S.Pet.60a),(B.S.Pet.ELAE52.211,(B.S.Pet.ELAE98.225,(B.S.Pet.ELAE4.196,B.S.Pet.ELAE27.204)))))))),((B.S.Pet.ELAE104.228,B.S.Pet.ELAE111.230),(((B.S.Pet.ELAE81.215,B.aikrono237),(B.aikrono240,B.fractalifolia236)),((B.S.Pet.128,(B.S.Pet.ELAE118.233,B.S.Pet.235)),((B.S.Pet.241,B.S.Pet.244),(B.sandaunensis238,(B.S.Pet.242,(B.S.Pet.243,B.S.Pet.245))))))))))),((B.S.Pet.89,(B.S.Pet.127,B.S.Pet.129)),((B.bipinnatifida58,(B.bipinnatifida1,B.bipinnatifida38)),(((B.vinkii3,B.oligandra162),(B.S.Pet.97,((B.S.Sym.32,(B.strigosa113,(B.S.Pet.84,B.kaniensis161))),(B.bipinnatifida1a,((B.aff.jagorii65,(B.vinkii134,B.S.Pet.80)),(B.aff.tafaensis87,(B.kaniensis108,(B.aff.augustae30,B.aff.symbracteosa35)))))))),(((B.S.Pet.ELAE83.217,B.S.Pet.ELAE93.222),(B.serratipetalaELAE115.232,(B.sp.CKYang1598.179,(B.bipinnatifida178a,B.bipinnatifida178)))),(B.S.Pet.B1.133,((B.sp.Wilkie29116.71,B.lagunensis64),(B.brassii202,((B.symbracteosa158,(B.leucostricta176,B.arfakensis29)),(B.sp.Rubite488.177,((B.sp.Wilkie29124.76,B.pendulousOligandrae13),((B.stenogyna67,(B.brassii202a,(B.stictopoda170,B.sp.SUBOE60.26))),((B.atricha52,(B.malachosticta68,B.sp.EKBOE46.171)),(B.atricha49,(B.speluncae62,((((B.antsiranensis175,Hillebrandia),((B.maynensis37,B.octopetala11),(B.S.Pet.ELAE119.234,(B.peruviana36,B.subciliata24)))),((B.modestiflora168,(B.aff.rubella169,(B.longifolia34,B.S.Sym.B32.140))),(B.uniflora167,(B.kemumuensis27,(B.stictopoda51,B.trichopoda50))))),((B.kaniensis153b,(B.kaniensis125,((B.kaniensis224,(B.kaniensis212,B.kaniensis201)),(B.kaniensis221,(B.kaniensis153,(B.chambersiae220,B.kaniensis153a)))))),(B.pentandra210,(B.S.Pet.B15.110,(B.cf.strigosa120,((B.brachybotrys205a,B.S.Pet.93),(B.maguniana2a,((B.brassii219,(B.brassii207,B.sandsiana203)),(B.maguniana180,((B.maguniana206,B.maguniana61),(B.vinkii199,(B.magunianaHOLO198,B.brassii227))))))))))))))))))))))))))))))))))));
Final quartet score is: 5640138267
Final normalized quartet score is: 0.6006495110585877
You may want to ignore posterior probabilities and other statistics related to the following branch branch because the effective number of genes impacting it is only 1:
	{B.S.Pet.ELAE62.213, B.S.Pet.99}
You may want to ignore posterior probabilities and other statistics related to the following branch branch because the effective number of genes impacting it is only 1:
	{B.vinkii3, B.oligandra162}
You may want to ignore posterior probabilities and other statistics related to the following branch branch because the effective number of genes impacting it is only 1:
	{B.S.Pet.84, B.kaniensis161}
You may want to ignore posterior probabilities and other statistics related to the following branch branch because the effective number of genes impacting it is only 0:
	{B.vinkii134, B.S.Pet.80}
You may want to ignore posterior probabilities and other statistics related to the following branch branch because the effective number of genes impacting it is only 1:
	{B.aff.jagorii65, B.vinkii134, B.S.Pet.80}
You may want to ignore posterior probabilities and other statistics related to the following branch branch because the effective number of genes impacting it is only 2:
	{B.aff.augustae30, B.aff.symbracteosa35}
You may want to ignore posterior probabilities and other statistics related to the following branch branch because the effective number of genes impacting it is only 2:
	{B.kaniensis108, B.aff.augustae30, B.aff.symbracteosa35}
You may want to ignore posterior probabilities and other statistics related to the following branch branch because the effective number of genes impacting it is only 3:
	{B.aff.tafaensis87, B.kaniensis108, B.aff.augustae30, B.aff.symbracteosa35}
You may want to ignore posterior probabilities and other statistics related to the following branch branch because the effective number of genes impacting it is only 4:
	{B.aff.tafaensis87, B.kaniensis108, B.aff.jagorii65, B.aff.augustae30, B.aff.symbracteosa35, B.vinkii134, B.S.Pet.80}
You may want to ignore posterior probabilities and other statistics related to the following branch branch because the effective number of genes impacting it is only 11:
	{B.aff.tafaensis87, B.kaniensis108, B.aff.jagorii65, B.aff.augustae30, B.aff.symbracteosa35, B.bipinnatifida1a, B.vinkii134, B.S.Pet.80}
You may want to ignore posterior probabilities and other statistics related to the following branch branch because the effective number of genes impacting it is only 0:
	{B.leucostricta176, B.arfakensis29}
You may want to ignore posterior probabilities and other statistics related to the following branch branch because the effective number of genes impacting it is only 2:
	{B.leucostricta176, B.symbracteosa158, B.arfakensis29}
You may want to ignore posterior probabilities and other statistics related to the following branch branch because the effective number of genes impacting it is only 1:
	{B.sp.Wilkie29124.76, B.pendulousOligandrae13}
You may want to ignore posterior probabilities and other statistics related to the following branch branch because the effective number of genes impacting it is only 1:
	{B.stictopoda170, B.sp.SUBOE60.26}
You may want to ignore posterior probabilities and other statistics related to the following branch branch because the effective number of genes impacting it is only 1:
	{B.brachybotrys205a, B.S.Pet.93}
You may want to ignore posterior probabilities and other statistics related to the following branch branch because the effective number of genes impacting it is only 1:
	{B.maguniana206, B.maguniana61}
You may want to ignore posterior probabilities and other statistics related to the following branch branch because the effective number of genes impacting it is only 2:
	{B.stilandra18a, B.erodifolia45}
You may want to ignore posterior probabilities and other statistics related to the following branch branch because the effective number of genes impacting it is only 0:
	{B.fulvovillosa151a, B.asaroensis115}
Extended species tree:
(B.S.Pet.60,(B.S.Pet.60a,((B.S.Pet.ELAE52.211,(B.S.Pet.ELAE98.225,(B.S.Pet.ELAE4.196,B.S.Pet.ELAE27.204)39.21:0.09146646690534034)35:0.024554772228293983)37.15:0.05813516189434079,((B.S.Pet.ELAE72.214,(B.S.Pet.ELAE62.213,B.S.Pet.99)98.54:0.27318906514921404)38.49:0.07968265847016377,(B.S.Pet.ELAE1.195,(B.S.Pet.ELAE94.223,((B.S.Pet.ELAE82.216,B.S.Pet.ELAE86.218)38.59:0.08115318398638433,(((B.S.Pet.ELAE104.228,B.S.Pet.ELAE111.230)76.36:1.0325396863190983,(((B.S.Pet.ELAE81.215,B.aikrono237)38.14:0.07405922134471812,(B.aikrono240,B.fractalifolia236)80.02:1.1994607310409242)36.76:0.051993092089636005,((B.S.Pet.128,(B.S.Pet.ELAE118.233,B.S.Pet.235)42.59:0.1485058743200611)38.34:0.07729683290124474,((B.S.Pet.241,B.S.Pet.244)50.51:0.296637609433323,(B.sandaunensis238,(B.S.Pet.242,(B.S.Pet.243,B.S.Pet.245)35.43:0.03125904896645742)73.42:0.9157318883999316)49.42:0.27496295962532913)41.17:0.12408848656327945)36.38:0.045959374735056305)35.83:0.037470360317525764)35.46:0.03176855329819421,((B.sp.P.Blanc172,B.sp.P.Blanc2173)78.3:1.1173322184017962,((B.S.Pet.B33.131,B.S.Pet.B33.43)57.49:0.44799646061622966,(((B.S.Pet.B44.132,B.S.Pet.B44.41)72.82:0.8936873573643002,((B.S.Pet.83,(B.S.Pet.B13.44,B.aff.augustae56)40.83:0.11827054984886855)41.26:0.12562219814187833,(B.S.Pet.B1.39,(B.S.Pet.102,B.S.Pet.B15.40)51.78:0.3225038081156524)35.48:0.03199447875615055)41.8:0.1348446873274451)37.18:0.05858843540001746,(((B.S.Pet.89,(B.S.Pet.127,B.S.Pet.129)34.51:0.014497622726731838)45.59:0.20041340300758537,((B.bipinnatifida58,(B.bipinnatifida1,B.bipinnatifida38)37.51:0.06387122774027705)58.9:0.48169651929867713,(((B.vinkii3,B.oligandra162)85.71:0.15415067982725836,(B.S.Pet.97,((B.S.Sym.32,(B.strigosa113,(B.S.Pet.84,B.kaniensis161)100:0.2876820724517809)44.85:0.16293637816747175)48:0.23177275790923116,(B.bipinnatifida1a,((B.aff.jagorii65,(B.vinkii134,B.S.Pet.80)NaN:0.0)79.17:0.0984400728132524,(B.aff.tafaensis87,(B.kaniensis108,(B.aff.augustae30,B.aff.symbracteosa35)100:0.6931471805599453)50:0.0)49.32:0.056352936551131626)34.9:0.0)35.14:0.0)40.1:0.0881569228348075)43.95:0.13680625346237807)35.44:0.01775477420951536,(((B.S.Pet.ELAE83.217,B.S.Pet.ELAE93.222)39.13:0.08976153928995423,(B.serratipetalaELAE115.232,(B.sp.CKYang1598.179,(B.bipinnatifida178a,B.bipinnatifida178)49.5:0.2744216865361234)37.3:0.059317900052231476)41.74:0.13311879744201088)42.89:0.15342849583818186,(B.S.Pet.B1.133,((B.sp.Wilkie29116.71,B.lagunensis64)48.82:0.2630748930962561,(B.brassii202,((B.symbracteosa158,(B.leucostricta176,B.arfakensis29)NaN:0.0)98.35:0.6607119048067915,(B.sp.Rubite488.177,((B.sp.Wilkie29124.76,B.pendulousOligandrae13)92.23:0.21287406526772132,((B.stenogyna67,(B.brassii202a,(B.stictopoda170,B.sp.SUBOE60.26)100:0.2876820724517809)74.66:0.9634709266613845)40.98:0.12089360490409781,((B.atricha52,(B.malachosticta68,B.sp.EKBOE46.171)83.38:1.38241485104126)44.73:0.18637701220728814,(B.atricha49,(B.speluncae62,((((B.antsiranensis175,Hillebrandia)47.24:0.23257906409499834,((B.maynensis37,B.octopetala11)44.89:0.17795451317749733,(B.S.Pet.ELAE119.234,(B.peruviana36,B.subciliata24)86.04:1.554921663211305)47.63:0.24022169504651636)72.67:0.8882876727649491)71.44:0.8444287219499289,((B.modestiflora168,(B.aff.rubella169,(B.longifolia34,B.S.Sym.B32.140)76.27:1.0287450471576685)50.65:0.29937822353355575)71.69:0.8531752985230192,(B.uniflora167,(B.kemumuensis27,(B.stictopoda51,B.trichopoda50)74.11:0.9413214553930376)53.87:0.3667725695784332)59.49:0.49619284558637566)39.01:0.08811945071333865)37.37:0.06164258202930547,((B.kaniensis153b,(B.kaniensis125,((B.kaniensis224,(B.kaniensis212,B.kaniensis201)78.26:1.1156575970611613)37.19:0.05879486139260158,(B.kaniensis221,(B.kaniensis153,(B.chambersiae220,B.kaniensis153a)56.64:0.4284068382415167)55.97:0.413202789085179)58.82:0.4798124476061206)44.69:0.18561909053598644)56.17:0.4175881028017052)63.7:0.6054648755000114,(B.pentandra210,(B.S.Pet.B15.110,(B.cf.strigosa120,((B.brachybotrys205a,B.S.Pet.93)99.19:0.2795848622191614,(B.maguniana2a,((B.brassii219,(B.brassii207,B.sandsiana203)59.36:0.49275815714876187)68.18:0.7366406736315538,(B.maguniana180,((B.maguniana206,B.maguniana61)100:0.2876820724517809,(B.vinkii199,(B.magunianaHOLO198,B.brassii227)54.09:0.3713580641537208)40.31:0.10956672533863873)42.84:0.15257478480350106)46.38:0.21634054159657132)46.91:0.22405746607162597)37.94:0.06896463723161833)49.68:0.279857040858009)36.59:0.049373476814200054)46.86:0.22557426820324375)75.51:0.9974038989460784)80.9:1.2445925291012783)46.03:0.2101238195961506)63.28:0.5709587483264286)37.39:0.053958583166958424)35.71:0.03550633335237105)48.69:0.2606050987840907)36.67:0.05054731171111111)35.38:0.029985936143094683)47.29:0.23310287483710512)42.49:0.14677240287708182)43.11:0.15766567471423018)47.99:0.24705032686607176)37.11:0.05679300957992789)38.71:0.08256703671015654)31.33:0.0)40.07:0.10512486961941547,((B.stilandra18,(B.stilandra18a,B.erodifolia45)86.44:0.4532418000001767)90.66:1.9524896840636776,(((B.sp.ABEG248.174,B.weigallii57)40.64:0.11524631619646293,(B.S.Pet.156,B.S.Pet.157)76.07:1.0201915009384923)62.16:0.564119118538355,((B.cf.strigosa142,((B.vinkii197,((B.S.Sym.ELAE46.209,B.vinkii208)41.34:0.12706153405010157,(B.oligandra200,(B.vinkii3b,B.vinkii3a)65.01:0.6421911972360649)35.22:0.02804441040884122)44.81:0.18774252331490512)63.41:0.5975181779342493,((B.erodifolia45a,B.symsanguinea139)47.72:0.24194807448424543,(B.vinkii138,((B.asaroensis46,B.asaroensis46a)40.97:0.12075046718393487,(B.S.Sym.28a,B.S.Sym.28)44.96:0.19058734847230285)48.01:0.2473345606424855)42.79:0.15189276485964645)38.72:0.08349362979637329)46.53:0.21941308521423916)38.61:0.08154133366184164,(((B.mimikaensis159,B.mimikaensis159a)79.03:1.1512776418845683,((B.cyrtandroides.sp.nov14,B.cyrtandroides.sp.nov14a)85.06:1.488409520979781,((B.cyrtandroides.sp.nov16a,B.cyrtandroides.sp.nov16)52.55:0.3384587905023253,(B.cyrtandroides.sp.nov19,B.cyrtandroides.sp.nov17)36.72:0.0514222467729236)70.64:0.8168851651239751)39.13:0.0900747784704713)37.08:0.057109827475885645,(B.S.Sym.B34.121,(((B.S.Sym.117,B.S.Sym.117a)56.82:0.432350041734535,(B.symsanguinea25,(B.symsanguinea25a,(B.fulvovillosa151,(B.S.Sym.48a,(B.cf.fulvovillosa31,B.cf.fulvovillosa31a)50.15:0.28926319580043497)34.07:0.010356747400897523)38.22:0.07531415978761238)40.07:0.1055757097608184)51.74:0.32156864139955865)40.95:0.1184920001724556,(B.S.Sym.48,(B.asaroensis115,B.fulvovillosa151a)NaN:0.0)42.44:0.1218476268238467)38.59:0.07967876462699139)48.5:0.25693305633164853)41.16:0.12394815588063723)35.06:0.02553102926363924)34.64:0.01912129090087336)36.64:0.05004338024546035)33.03:0.0)37.28:0.06030376642571206)35.57:0.0334136891010004)36.03:0.04056240528052121)46.01:0.20968560287111904)36.52:0.04823594659576411)46.79:0.22435352085805593)34.2:0.012373965278172375)37.44:0.06280409626977321)54.15:0.3727289301880042));
Weight calculation took 692.167866912 secs
ASTRAL finished in 793.138 secs
