sending incremental file list
GERP_PNG/mfa_dir/
GERP_PNG/mfa_dir/ACmerged_contig_6618_edited.mfa.rates
GERP_PNG/mfa_dir/ACmerged_contig_6618_edited.mfa.rates.elems
GERP_PNG/mfa_dir/ACmerged_contig_6618_edited.mfa.rates.exclude
GERP_PNG/mfa_dir/ACmerged_contig_6638.mfa
GERP_PNG/mfa_dir/ACmerged_contig_6638_edited.mfa
GERP_PNG/mfa_dir/ACmerged_contig_6638_edited.mfa.rates
GERP_PNG/mfa_dir/ACmerged_contig_6638_edited.mfa.rates.elems
GERP_PNG/mfa_dir/ACmerged_contig_6638_edited.mfa.rates.exclude
GERP_PNG/mfa_dir/ACmerged_contig_6646.mfa
GERP_PNG/mfa_dir/ACmerged_contig_6646_edited.mfa
GERP_PNG/mfa_dir/ACmerged_contig_6646_edited.mfa.rates
GERP_PNG/mfa_dir/ACmerged_contig_6646_edited.mfa.rates.elems
GERP_PNG/mfa_dir/ACmerged_contig_6646_edited.mfa.rates.exclude
GERP_PNG/mfa_dir/ACmerged_contig_6650.mfa
GERP_PNG/mfa_dir/ACmerged_contig_6650_edited.mfa
GERP_PNG/mfa_dir/ACmerged_contig_6650_edited.mfa.rates
GERP_PNG/mfa_dir/ACmerged_contig_6650_edited.mfa.rates.elems
GERP_PNG/mfa_dir/ACmerged_contig_6650_edited.mfa.rates.exclude
GERP_PNG/mfa_dir/ACmerged_contig_6652.mfa
GERP_PNG/mfa_dir/ACmerged_contig_6652_edited.mfa
GERP_PNG/mfa_dir/ACmerged_contig_6652_edited.mfa.rates
GERP_PNG/mfa_dir/ACmerged_contig_6652_edited.mfa.rates.elems
GERP_PNG/mfa_dir/ACmerged_contig_6652_edited.mfa.rates.exclude
GERP_PNG/mfa_dir/ACmerged_contig_6660.mfa
GERP_PNG/mfa_dir/ACmerged_contig_6660_edited.mfa
GERP_PNG/mfa_dir/ACmerged_contig_6660_edited.mfa.rates
GERP_PNG/mfa_dir/ACmerged_contig_6660_edited.mfa.rates.elems
GERP_PNG/mfa_dir/ACmerged_contig_6660_edited.mfa.rates.exclude
GERP_PNG/mfa_dir/ACmerged_contig_6664.mfa
GERP_PNG/mfa_dir/ACmerged_contig_6664_edited.mfa
GERP_PNG/mfa_dir/ACmerged_contig_6664_edited.mfa.rates
GERP_PNG/mfa_dir/ACmerged_contig_6664_edited.mfa.rates.elems
GERP_PNG/mfa_dir/ACmerged_contig_6664_edited.mfa.rates.exclude
GERP_PNG/mfa_dir/ACmerged_contig_6671.mfa
GERP_PNG/mfa_dir/ACmerged_contig_6671_edited.mfa
GERP_PNG/mfa_dir/ACmerged_contig_6671_edited.mfa.rates
GERP_PNG/mfa_dir/ACmerged_contig_6671_edited.mfa.rates.elems
GERP_PNG/mfa_dir/ACmerged_contig_6671_edited.mfa.rates.exclude
GERP_PNG/mfa_dir/ACmerged_contig_6673.mfa
GERP_PNG/mfa_dir/ACmerged_contig_6673_edited.mfa
GERP_PNG/mfa_dir/ACmerged_contig_6673_edited.mfa.rates
GERP_PNG/mfa_dir/ACmerged_contig_6673_edited.mfa.rates.elems
GERP_PNG/mfa_dir/ACmerged_contig_6673_edited.mfa.rates.exclude
GERP_PNG/mfa_dir/ACmerged_contig_66_edited.mfa
GERP_PNG/mfa_dir/ACmerged_contig_66_edited.mfa.rates
GERP_PNG/mfa_dir/ACmerged_contig_66_edited.mfa.rates.elems
GERP_PNG/mfa_dir/ACmerged_contig_66_edited.mfa.rates.exclude
GERP_PNG/mfa_dir/ACmerged_contig_6729.mfa
GERP_PNG/mfa_dir/ACmerged_contig_6729_edited.mfa
GERP_PNG/mfa_dir/ACmerged_contig_6729_edited.mfa.rates
GERP_PNG/mfa_dir/ACmerged_contig_6729_edited.mfa.rates.elems
GERP_PNG/mfa_dir/ACmerged_contig_6729_edited.mfa.rates.exclude
GERP_PNG/mfa_dir/ACmerged_contig_6744.mfa
GERP_PNG/mfa_dir/ACmerged_contig_6744_edited.mfa
GERP_PNG/mfa_dir/ACmerged_contig_6744_edited.mfa.rates
GERP_PNG/mfa_dir/ACmerged_contig_6744_edited.mfa.rates.elems
GERP_PNG/mfa_dir/ACmerged_contig_6744_edited.mfa.rates.exclude
GERP_PNG/mfa_dir/ACmerged_contig_6745.mfa
GERP_PNG/mfa_dir/ACmerged_contig_6745_edited.mfa
GERP_PNG/mfa_dir/ACmerged_contig_6745_edited.mfa.rates
GERP_PNG/mfa_dir/ACmerged_contig_6745_edited.mfa.rates.elems
GERP_PNG/mfa_dir/ACmerged_contig_6745_edited.mfa.rates.exclude
GERP_PNG/mfa_dir/ACmerged_contig_6750.mfa
GERP_PNG/mfa_dir/ACmerged_contig_6750_edited.mfa
GERP_PNG/mfa_dir/ACmerged_contig_6750_edited.mfa.rates
GERP_PNG/mfa_dir/ACmerged_contig_6750_edited.mfa.rates.elems
GERP_PNG/mfa_dir/ACmerged_contig_6750_edited.mfa.rates.exclude
GERP_PNG/mfa_dir/ACmerged_contig_6754.mfa
GERP_PNG/mfa_dir/ACmerged_contig_6754_edited.mfa
GERP_PNG/mfa_dir/ACmerged_contig_6754_edited.mfa.rates
GERP_PNG/mfa_dir/ACmerged_contig_6754_edited.mfa.rates.elems
GERP_PNG/mfa_dir/ACmerged_contig_6754_edited.mfa.rates.exclude
GERP_PNG/mfa_dir/ACmerged_contig_6767.mfa
GERP_PNG/mfa_dir/ACmerged_contig_6767_edited.mfa
GERP_PNG/mfa_dir/ACmerged_contig_6767_edited.mfa.rates
GERP_PNG/mfa_dir/ACmerged_contig_6767_edited.mfa.rates.elems
GERP_PNG/mfa_dir/ACmerged_contig_6767_edited.mfa.rates.exclude
GERP_PNG/mfa_dir/ACmerged_contig_6802.mfa
GERP_PNG/mfa_dir/ACmerged_contig_6802_edited.mfa
GERP_PNG/mfa_dir/ACmerged_contig_6802_edited.mfa.rates
GERP_PNG/mfa_dir/ACmerged_contig_6802_edited.mfa.rates.elems
GERP_PNG/mfa_dir/ACmerged_contig_6802_edited.mfa.rates.exclude
GERP_PNG/mfa_dir/ACmerged_contig_6826.mfa
GERP_PNG/mfa_dir/ACmerged_contig_6826_edited.mfa
GERP_PNG/mfa_dir/ACmerged_contig_6826_edited.mfa.rates
GERP_PNG/mfa_dir/ACmerged_contig_6826_edited.mfa.rates.elems
GERP_PNG/mfa_dir/ACmerged_contig_6826_edited.mfa.rates.exclude
GERP_PNG/mfa_dir/ACmerged_contig_6836.mfa
GERP_PNG/mfa_dir/ACmerged_contig_6836_edited.mfa
GERP_PNG/mfa_dir/ACmerged_contig_6836_edited.mfa.rates
GERP_PNG/mfa_dir/ACmerged_contig_6836_edited.mfa.rates.elems
GERP_PNG/mfa_dir/ACmerged_contig_6836_edited.mfa.rates.exclude
GERP_PNG/mfa_dir/ACmerged_contig_694.mfa
GERP_PNG/mfa_dir/ACmerged_contig_694_edited.mfa
GERP_PNG/mfa_dir/ACmerged_contig_694_edited.mfa.rates
GERP_PNG/mfa_dir/ACmerged_contig_694_edited.mfa.rates.elems
GERP_PNG/mfa_dir/ACmerged_contig_694_edited.mfa.rates.exclude
GERP_PNG/mfa_dir/ACmerged_contig_6956.mfa
GERP_PNG/mfa_dir/ACmerged_contig_6956_edited.mfa
GERP_PNG/mfa_dir/ACmerged_contig_6956_edited.mfa.rates
GERP_PNG/mfa_dir/ACmerged_contig_6956_edited.mfa.rates.elems
GERP_PNG/mfa_dir/ACmerged_contig_6956_edited.mfa.rates.exclude
GERP_PNG/mfa_dir/ACmerged_contig_6969.mfa
GERP_PNG/mfa_dir/ACmerged_contig_6969_edited.mfa
GERP_PNG/mfa_dir/ACmerged_contig_6969_edited.mfa.rates
GERP_PNG/mfa_dir/ACmerged_contig_6969_edited.mfa.rates.elems
GERP_PNG/mfa_dir/ACmerged_contig_6969_edited.mfa.rates.exclude
GERP_PNG/mfa_dir/ACmerged_contig_7097.mfa
GERP_PNG/mfa_dir/ACmerged_contig_7097_edited.mfa
GERP_PNG/mfa_dir/ACmerged_contig_7097_edited.mfa.rates
GERP_PNG/mfa_dir/ACmerged_contig_7097_edited.mfa.rates.elems
GERP_PNG/mfa_dir/ACmerged_contig_7097_edited.mfa.rates.exclude
GERP_PNG/mfa_dir/ACmerged_contig_7118.mfa
GERP_PNG/mfa_dir/ACmerged_contig_7118_edited.mfa
GERP_PNG/mfa_dir/ACmerged_contig_7118_edited.mfa.rates
GERP_PNG/mfa_dir/ACmerged_contig_7118_edited.mfa.rates.elems
GERP_PNG/mfa_dir/ACmerged_contig_7118_edited.mfa.rates.exclude
GERP_PNG/mfa_dir/ACmerged_contig_7167.mfa
GERP_PNG/mfa_dir/ACmerged_contig_7167_edited.mfa
GERP_PNG/mfa_dir/ACmerged_contig_7167_edited.mfa.rates
GERP_PNG/mfa_dir/ACmerged_contig_7167_edited.mfa.rates.elems
GERP_PNG/mfa_dir/ACmerged_contig_7167_edited.mfa.rates.exclude
GERP_PNG/mfa_dir/ACmerged_contig_7220.mfa
GERP_PNG/mfa_dir/ACmerged_contig_7220_edited.mfa
GERP_PNG/mfa_dir/ACmerged_contig_7220_edited.mfa.rates
GERP_PNG/mfa_dir/ACmerged_contig_7220_edited.mfa.rates.elems
GERP_PNG/mfa_dir/ACmerged_contig_7220_edited.mfa.rates.exclude
GERP_PNG/mfa_dir/ACmerged_contig_7251.mfa
GERP_PNG/mfa_dir/ACmerged_contig_7251_edited.mfa
GERP_PNG/mfa_dir/ACmerged_contig_7251_edited.mfa.rates
GERP_PNG/mfa_dir/ACmerged_contig_7251_edited.mfa.rates.elems
GERP_PNG/mfa_dir/ACmerged_contig_7251_edited.mfa.rates.exclude
GERP_PNG/mfa_dir/ACmerged_contig_7266.mfa
GERP_PNG/mfa_dir/ACmerged_contig_7266_edited.mfa
GERP_PNG/mfa_dir/ACmerged_contig_7266_edited.mfa.rates
GERP_PNG/mfa_dir/ACmerged_contig_7266_edited.mfa.rates.elems
GERP_PNG/mfa_dir/ACmerged_contig_7266_edited.mfa.rates.exclude
GERP_PNG/mfa_dir/ACmerged_contig_7280.mfa
GERP_PNG/mfa_dir/ACmerged_contig_7280_edited.mfa
GERP_PNG/mfa_dir/ACmerged_contig_7280_edited.mfa.rates
GERP_PNG/mfa_dir/ACmerged_contig_7280_edited.mfa.rates.elems
GERP_PNG/mfa_dir/ACmerged_contig_7280_edited.mfa.rates.exclude
GERP_PNG/mfa_dir/ACmerged_contig_7281.mfa
GERP_PNG/mfa_dir/ACmerged_contig_7281_edited.mfa
GERP_PNG/mfa_dir/ACmerged_contig_7281_edited.mfa.rates
GERP_PNG/mfa_dir/ACmerged_contig_7281_edited.mfa.rates.elems
GERP_PNG/mfa_dir/ACmerged_contig_7281_edited.mfa.rates.exclude
GERP_PNG/mfa_dir/ACmerged_contig_7284.mfa
GERP_PNG/mfa_dir/ACmerged_contig_7284_edited.mfa
GERP_PNG/mfa_dir/ACmerged_contig_7284_edited.mfa.rates
GERP_PNG/mfa_dir/ACmerged_contig_7284_edited.mfa.rates.elems
GERP_PNG/mfa_dir/ACmerged_contig_7284_edited.mfa.rates.exclude
GERP_PNG/mfa_dir/ACmerged_contig_7287.mfa
GERP_PNG/mfa_dir/ACmerged_contig_7287_edited.mfa
GERP_PNG/mfa_dir/ACmerged_contig_7287_edited.mfa.rates
GERP_PNG/mfa_dir/ACmerged_contig_7287_edited.mfa.rates.elems
GERP_PNG/mfa_dir/ACmerged_contig_7287_edited.mfa.rates.exclude
GERP_PNG/mfa_dir/ACmerged_contig_7305.mfa
GERP_PNG/mfa_dir/ACmerged_contig_7305_edited.mfa
GERP_PNG/mfa_dir/ACmerged_contig_7305_edited.mfa.rates
GERP_PNG/mfa_dir/ACmerged_contig_7305_edited.mfa.rates.elems
GERP_PNG/mfa_dir/ACmerged_contig_7305_edited.mfa.rates.exclude
GERP_PNG/mfa_dir/ACmerged_contig_7314.mfa
GERP_PNG/mfa_dir/ACmerged_contig_7314_edited.mfa
GERP_PNG/mfa_dir/ACmerged_contig_7314_edited.mfa.rates
GERP_PNG/mfa_dir/ACmerged_contig_7314_edited.mfa.rates.elems
GERP_PNG/mfa_dir/ACmerged_contig_7314_edited.mfa.rates.exclude
GERP_PNG/mfa_dir/ACmerged_contig_7385.mfa
GERP_PNG/mfa_dir/ACmerged_contig_7385_edited.mfa
GERP_PNG/mfa_dir/ACmerged_contig_7385_edited.mfa.rates
GERP_PNG/mfa_dir/ACmerged_contig_7385_edited.mfa.rates.elems
GERP_PNG/mfa_dir/ACmerged_contig_7385_edited.mfa.rates.exclude
GERP_PNG/mfa_dir/ACmerged_contig_739.mfa
GERP_PNG/mfa_dir/ACmerged_contig_739_edited.mfa
GERP_PNG/mfa_dir/ACmerged_contig_739_edited.mfa.rates
GERP_PNG/mfa_dir/ACmerged_contig_739_edited.mfa.rates.elems
GERP_PNG/mfa_dir/ACmerged_contig_739_edited.mfa.rates.exclude
GERP_PNG/mfa_dir/ACmerged_contig_7407.mfa
GERP_PNG/mfa_dir/ACmerged_contig_7407_edited.mfa
GERP_PNG/mfa_dir/ACmerged_contig_7407_edited.mfa.rates
GERP_PNG/mfa_dir/ACmerged_contig_7407_edited.mfa.rates.elems
GERP_PNG/mfa_dir/ACmerged_contig_7407_edited.mfa.rates.exclude
GERP_PNG/mfa_dir/ACmerged_contig_7408.mfa
GERP_PNG/mfa_dir/ACmerged_contig_7408_edited.mfa
GERP_PNG/mfa_dir/ACmerged_contig_7408_edited.mfa.rates
GERP_PNG/mfa_dir/ACmerged_contig_7408_edited.mfa.rates.elems
GERP_PNG/mfa_dir/ACmerged_contig_7408_edited.mfa.rates.exclude
GERP_PNG/mfa_dir/ACmerged_contig_7434.mfa
GERP_PNG/mfa_dir/ACmerged_contig_7434_edited.mfa
GERP_PNG/mfa_dir/ACmerged_contig_7434_edited.mfa.rates
GERP_PNG/mfa_dir/ACmerged_contig_7434_edited.mfa.rates.elems
GERP_PNG/mfa_dir/ACmerged_contig_7434_edited.mfa.rates.exclude
GERP_PNG/mfa_dir/ACmerged_contig_7437.mfa
GERP_PNG/mfa_dir/ACmerged_contig_7437_edited.mfa
GERP_PNG/mfa_dir/ACmerged_contig_7437_edited.mfa.rates
GERP_PNG/mfa_dir/ACmerged_contig_7437_edited.mfa.rates.elems
GERP_PNG/mfa_dir/ACmerged_contig_7437_edited.mfa.rates.exclude
GERP_PNG/mfa_dir/ACmerged_contig_7440.mfa
GERP_PNG/mfa_dir/ACmerged_contig_7440_edited.mfa
GERP_PNG/mfa_dir/ACmerged_contig_7440_edited.mfa.rates
GERP_PNG/mfa_dir/ACmerged_contig_7440_edited.mfa.rates.elems
GERP_PNG/mfa_dir/ACmerged_contig_7440_edited.mfa.rates.exclude
GERP_PNG/mfa_dir/ACmerged_contig_7535.mfa
GERP_PNG/mfa_dir/ACmerged_contig_7535_edited.mfa
GERP_PNG/mfa_dir/ACmerged_contig_7535_edited.mfa.rates
GERP_PNG/mfa_dir/ACmerged_contig_7535_edited.mfa.rates.elems
GERP_PNG/mfa_dir/ACmerged_contig_7535_edited.mfa.rates.exclude
GERP_PNG/mfa_dir/ACmerged_contig_7577.mfa
GERP_PNG/mfa_dir/ACmerged_contig_7577_edited.mfa
GERP_PNG/mfa_dir/ACmerged_contig_7577_edited.mfa.rates
GERP_PNG/mfa_dir/ACmerged_contig_7577_edited.mfa.rates.elems
GERP_PNG/mfa_dir/ACmerged_contig_7577_edited.mfa.rates.exclude
GERP_PNG/mfa_dir/ACmerged_contig_7595.mfa
GERP_PNG/mfa_dir/ACmerged_contig_7595_edited.mfa
GERP_PNG/mfa_dir/ACmerged_contig_7595_edited.mfa.rates
GERP_PNG/mfa_dir/ACmerged_contig_7595_edited.mfa.rates.elems
GERP_PNG/mfa_dir/ACmerged_contig_7595_edited.mfa.rates.exclude
GERP_PNG/mfa_dir/ACmerged_contig_7596.mfa
GERP_PNG/mfa_dir/ACmerged_contig_7596_edited.mfa
GERP_PNG/mfa_dir/ACmerged_contig_7596_edited.mfa.rates
GERP_PNG/mfa_dir/ACmerged_contig_7596_edited.mfa.rates.elems
GERP_PNG/mfa_dir/ACmerged_contig_7596_edited.mfa.rates.exclude
GERP_PNG/mfa_dir/ACmerged_contig_7616.mfa
GERP_PNG/mfa_dir/ACmerged_contig_7616_edited.mfa
GERP_PNG/mfa_dir/ACmerged_contig_7616_edited.mfa.rates
GERP_PNG/mfa_dir/ACmerged_contig_7616_edited.mfa.rates.elems
GERP_PNG/mfa_dir/ACmerged_contig_7616_edited.mfa.rates.exclude
GERP_PNG/mfa_dir/ACmerged_contig_7628.mfa
GERP_PNG/mfa_dir/ACmerged_contig_7628_edited.mfa
GERP_PNG/mfa_dir/ACmerged_contig_7628_edited.mfa.rates
GERP_PNG/mfa_dir/ACmerged_contig_7628_edited.mfa.rates.elems
GERP_PNG/mfa_dir/ACmerged_contig_7628_edited.mfa.rates.exclude
GERP_PNG/mfa_dir/ACmerged_contig_7648.mfa
GERP_PNG/mfa_dir/ACmerged_contig_7648_edited.mfa
GERP_PNG/mfa_dir/ACmerged_contig_7648_edited.mfa.rates
GERP_PNG/mfa_dir/ACmerged_contig_7648_edited.mfa.rates.elems
GERP_PNG/mfa_dir/ACmerged_contig_7648_edited.mfa.rates.exclude
GERP_PNG/mfa_dir/ACmerged_contig_7658.mfa
GERP_PNG/mfa_dir/ACmerged_contig_7658_edited.mfa
GERP_PNG/mfa_dir/ACmerged_contig_7658_edited.mfa.rates
GERP_PNG/mfa_dir/ACmerged_contig_7658_edited.mfa.rates.elems
GERP_PNG/mfa_dir/ACmerged_contig_7658_edited.mfa.rates.exclude
GERP_PNG/mfa_dir/ACmerged_contig_7700.mfa
GERP_PNG/mfa_dir/ACmerged_contig_7700_edited.mfa
GERP_PNG/mfa_dir/ACmerged_contig_7700_edited.mfa.rates
GERP_PNG/mfa_dir/ACmerged_contig_7700_edited.mfa.rates.elems
GERP_PNG/mfa_dir/ACmerged_contig_7700_edited.mfa.rates.exclude
GERP_PNG/mfa_dir/ACmerged_contig_7701.mfa
GERP_PNG/mfa_dir/ACmerged_contig_7701_edited.mfa
GERP_PNG/mfa_dir/ACmerged_contig_7701_edited.mfa.rates
GERP_PNG/mfa_dir/ACmerged_contig_7701_edited.mfa.rates.elems
GERP_PNG/mfa_dir/ACmerged_contig_7701_edited.mfa.rates.exclude
GERP_PNG/mfa_dir/ACmerged_contig_7706.mfa
GERP_PNG/mfa_dir/ACmerged_contig_7706_edited.mfa
GERP_PNG/mfa_dir/ACmerged_contig_7706_edited.mfa.rates
GERP_PNG/mfa_dir/ACmerged_contig_7706_edited.mfa.rates.elems
GERP_PNG/mfa_dir/ACmerged_contig_7706_edited.mfa.rates.exclude
GERP_PNG/mfa_dir/ACmerged_contig_772.mfa
GERP_PNG/mfa_dir/ACmerged_contig_772_edited.mfa
GERP_PNG/mfa_dir/ACmerged_contig_772_edited.mfa.rates
GERP_PNG/mfa_dir/ACmerged_contig_772_edited.mfa.rates.elems
GERP_PNG/mfa_dir/ACmerged_contig_772_edited.mfa.rates.exclude
GERP_PNG/mfa_dir/ACmerged_contig_7754.mfa
GERP_PNG/mfa_dir/ACmerged_contig_7754_edited.mfa
GERP_PNG/mfa_dir/ACmerged_contig_7754_edited.mfa.rates
GERP_PNG/mfa_dir/ACmerged_contig_7754_edited.mfa.rates.elems
GERP_PNG/mfa_dir/ACmerged_contig_7754_edited.mfa.rates.exclude
GERP_PNG/mfa_dir/ACmerged_contig_7779.mfa
GERP_PNG/mfa_dir/ACmerged_contig_7779_edited.mfa
GERP_PNG/mfa_dir/ACmerged_contig_7779_edited.mfa.rates
GERP_PNG/mfa_dir/ACmerged_contig_7779_edited.mfa.rates.elems
GERP_PNG/mfa_dir/ACmerged_contig_7779_edited.mfa.rates.exclude
GERP_PNG/mfa_dir/ACmerged_contig_7783.mfa
GERP_PNG/mfa_dir/ACmerged_contig_7783_edited.mfa
GERP_PNG/mfa_dir/ACmerged_contig_7783_edited.mfa.rates
GERP_PNG/mfa_dir/ACmerged_contig_7783_edited.mfa.rates.elems
GERP_PNG/mfa_dir/ACmerged_contig_7783_edited.mfa.rates.exclude
GERP_PNG/mfa_dir/ACmerged_contig_7803.mfa
GERP_PNG/mfa_dir/ACmerged_contig_7803_edited.mfa
GERP_PNG/mfa_dir/ACmerged_contig_7803_edited.mfa.rates
GERP_PNG/mfa_dir/ACmerged_contig_7803_edited.mfa.rates.elems
GERP_PNG/mfa_dir/ACmerged_contig_7803_edited.mfa.rates.exclude
GERP_PNG/mfa_dir/ACmerged_contig_7810.mfa
GERP_PNG/mfa_dir/ACmerged_contig_7810_edited.mfa
GERP_PNG/mfa_dir/ACmerged_contig_7810_edited.mfa.rates
GERP_PNG/mfa_dir/ACmerged_contig_7810_edited.mfa.rates.elems
GERP_PNG/mfa_dir/ACmerged_contig_7810_edited.mfa.rates.exclude
GERP_PNG/mfa_dir/ACmerged_contig_7829.mfa
GERP_PNG/mfa_dir/ACmerged_contig_7829_edited.mfa
GERP_PNG/mfa_dir/ACmerged_contig_7829_edited.mfa.rates
GERP_PNG/mfa_dir/ACmerged_contig_7829_edited.mfa.rates.elems
GERP_PNG/mfa_dir/ACmerged_contig_7829_edited.mfa.rates.exclude
GERP_PNG/mfa_dir/ACmerged_contig_7865.mfa
GERP_PNG/mfa_dir/ACmerged_contig_7865_edited.mfa
GERP_PNG/mfa_dir/ACmerged_contig_7865_edited.mfa.rates
GERP_PNG/mfa_dir/ACmerged_contig_7865_edited.mfa.rates.elems
GERP_PNG/mfa_dir/ACmerged_contig_7865_edited.mfa.rates.exclude
GERP_PNG/mfa_dir/ACmerged_contig_7885.mfa
GERP_PNG/mfa_dir/ACmerged_contig_7885_edited.mfa
GERP_PNG/mfa_dir/ACmerged_contig_7885_edited.mfa.rates
GERP_PNG/mfa_dir/ACmerged_contig_7885_edited.mfa.rates.elems
GERP_PNG/mfa_dir/ACmerged_contig_7885_edited.mfa.rates.exclude
GERP_PNG/mfa_dir/ACmerged_contig_7892.mfa
GERP_PNG/mfa_dir/ACmerged_contig_7892_edited.mfa
GERP_PNG/mfa_dir/ACmerged_contig_7892_edited.mfa.rates
GERP_PNG/mfa_dir/ACmerged_contig_7892_edited.mfa.rates.elems
GERP_PNG/mfa_dir/ACmerged_contig_7892_edited.mfa.rates.exclude
GERP_PNG/mfa_dir/ACmerged_contig_7897.mfa
GERP_PNG/mfa_dir/ACmerged_contig_7897_edited.mfa
GERP_PNG/mfa_dir/ACmerged_contig_7897_edited.mfa.rates
GERP_PNG/mfa_dir/ACmerged_contig_7897_edited.mfa.rates.elems
GERP_PNG/mfa_dir/ACmerged_contig_7897_edited.mfa.rates.exclude
GERP_PNG/mfa_dir/ACmerged_contig_7904.mfa
GERP_PNG/mfa_dir/ACmerged_contig_7904_edited.mfa
GERP_PNG/mfa_dir/ACmerged_contig_7904_edited.mfa.rates
GERP_PNG/mfa_dir/ACmerged_contig_7904_edited.mfa.rates.elems
GERP_PNG/mfa_dir/ACmerged_contig_7904_edited.mfa.rates.exclude
GERP_PNG/mfa_dir/ACmerged_contig_7905.mfa
GERP_PNG/mfa_dir/ACmerged_contig_7905_edited.mfa
GERP_PNG/mfa_dir/ACmerged_contig_7905_edited.mfa.rates
GERP_PNG/mfa_dir/ACmerged_contig_7905_edited.mfa.rates.elems
GERP_PNG/mfa_dir/ACmerged_contig_7905_edited.mfa.rates.exclude
GERP_PNG/mfa_dir/ACmerged_contig_7906.mfa
GERP_PNG/mfa_dir/ACmerged_contig_7906_edited.mfa
GERP_PNG/mfa_dir/ACmerged_contig_7906_edited.mfa.rates
GERP_PNG/mfa_dir/ACmerged_contig_7906_edited.mfa.rates.elems
GERP_PNG/mfa_dir/ACmerged_contig_7906_edited.mfa.rates.exclude
GERP_PNG/mfa_dir/ACmerged_contig_7937.mfa
GERP_PNG/mfa_dir/ACmerged_contig_7937_edited.mfa
GERP_PNG/mfa_dir/ACmerged_contig_7937_edited.mfa.rates
GERP_PNG/mfa_dir/ACmerged_contig_7937_edited.mfa.rates.elems
GERP_PNG/mfa_dir/ACmerged_contig_7937_edited.mfa.rates.exclude
GERP_PNG/mfa_dir/ACmerged_contig_7942.mfa
GERP_PNG/mfa_dir/ACmerged_contig_7942_edited.mfa
GERP_PNG/mfa_dir/ACmerged_contig_7942_edited.mfa.rates
GERP_PNG/mfa_dir/ACmerged_contig_7942_edited.mfa.rates.elems
GERP_PNG/mfa_dir/ACmerged_contig_7942_edited.mfa.rates.exclude
GERP_PNG/mfa_dir/ACmerged_contig_797.mfa
GERP_PNG/mfa_dir/ACmerged_contig_7977.mfa
GERP_PNG/mfa_dir/ACmerged_contig_7977_edited.mfa
GERP_PNG/mfa_dir/ACmerged_contig_7977_edited.mfa.rates
GERP_PNG/mfa_dir/ACmerged_contig_7977_edited.mfa.rates.elems
GERP_PNG/mfa_dir/ACmerged_contig_7977_edited.mfa.rates.exclude
GERP_PNG/mfa_dir/ACmerged_contig_797_edited.mfa
GERP_PNG/mfa_dir/ACmerged_contig_797_edited.mfa.rates
GERP_PNG/mfa_dir/ACmerged_contig_797_edited.mfa.rates.elems
GERP_PNG/mfa_dir/ACmerged_contig_797_edited.mfa.rates.exclude
GERP_PNG/mfa_dir/ACmerged_contig_7994.mfa
GERP_PNG/mfa_dir/ACmerged_contig_7994_edited.mfa
GERP_PNG/mfa_dir/ACmerged_contig_7994_edited.mfa.rates
GERP_PNG/mfa_dir/ACmerged_contig_7994_edited.mfa.rates.elems
GERP_PNG/mfa_dir/ACmerged_contig_7994_edited.mfa.rates.exclude
GERP_PNG/mfa_dir/ACmerged_contig_8016.mfa
GERP_PNG/mfa_dir/ACmerged_contig_8016_edited.mfa
GERP_PNG/mfa_dir/ACmerged_contig_8016_edited.mfa.rates
GERP_PNG/mfa_dir/ACmerged_contig_8016_edited.mfa.rates.elems
GERP_PNG/mfa_dir/ACmerged_contig_8016_edited.mfa.rates.exclude
GERP_PNG/mfa_dir/ACmerged_contig_8036.mfa
GERP_PNG/mfa_dir/ACmerged_contig_8036_edited.mfa
GERP_PNG/mfa_dir/ACmerged_contig_8036_edited.mfa.rates
GERP_PNG/mfa_dir/ACmerged_contig_8036_edited.mfa.rates.elems
GERP_PNG/mfa_dir/ACmerged_contig_8036_edited.mfa.rates.exclude
GERP_PNG/mfa_dir/ACmerged_contig_8040.mfa
GERP_PNG/mfa_dir/ACmerged_contig_8040_edited.mfa
GERP_PNG/mfa_dir/ACmerged_contig_8040_edited.mfa.rates
GERP_PNG/mfa_dir/ACmerged_contig_8040_edited.mfa.rates.elems
GERP_PNG/mfa_dir/ACmerged_contig_8040_edited.mfa.rates.exclude
GERP_PNG/mfa_dir/ACmerged_contig_8058.mfa
GERP_PNG/mfa_dir/ACmerged_contig_8058_edited.mfa
GERP_PNG/mfa_dir/ACmerged_contig_8058_edited.mfa.rates
GERP_PNG/mfa_dir/ACmerged_contig_8058_edited.mfa.rates.elems
GERP_PNG/mfa_dir/ACmerged_contig_8058_edited.mfa.rates.exclude
GERP_PNG/mfa_dir/ACmerged_contig_806.mfa
GERP_PNG/mfa_dir/ACmerged_contig_806_edited.mfa
GERP_PNG/mfa_dir/ACmerged_contig_806_edited.mfa.rates
GERP_PNG/mfa_dir/ACmerged_contig_806_edited.mfa.rates.elems
GERP_PNG/mfa_dir/ACmerged_contig_806_edited.mfa.rates.exclude
GERP_PNG/mfa_dir/ACmerged_contig_8083.mfa
GERP_PNG/mfa_dir/ACmerged_contig_8083_edited.mfa
GERP_PNG/mfa_dir/ACmerged_contig_8083_edited.mfa.rates
GERP_PNG/mfa_dir/ACmerged_contig_8083_edited.mfa.rates.elems
GERP_PNG/mfa_dir/ACmerged_contig_8083_edited.mfa.rates.exclude
GERP_PNG/mfa_dir/ACmerged_contig_8104.mfa
GERP_PNG/mfa_dir/ACmerged_contig_8104_edited.mfa
GERP_PNG/mfa_dir/ACmerged_contig_8104_edited.mfa.rates
GERP_PNG/mfa_dir/ACmerged_contig_8104_edited.mfa.rates.elems
GERP_PNG/mfa_dir/ACmerged_contig_8104_edited.mfa.rates.exclude
GERP_PNG/mfa_dir/ACmerged_contig_8113.mfa
GERP_PNG/mfa_dir/ACmerged_contig_8113_edited.mfa
GERP_PNG/mfa_dir/ACmerged_contig_8113_edited.mfa.rates
GERP_PNG/mfa_dir/ACmerged_contig_8113_edited.mfa.rates.elems
GERP_PNG/mfa_dir/ACmerged_contig_8113_edited.mfa.rates.exclude
GERP_PNG/mfa_dir/ACmerged_contig_8160.mfa
GERP_PNG/mfa_dir/ACmerged_contig_8160_edited.mfa
GERP_PNG/mfa_dir/ACmerged_contig_8160_edited.mfa.rates
GERP_PNG/mfa_dir/ACmerged_contig_8160_edited.mfa.rates.elems
GERP_PNG/mfa_dir/ACmerged_contig_8160_edited.mfa.rates.exclude
GERP_PNG/mfa_dir/ACmerged_contig_8185.mfa
GERP_PNG/mfa_dir/ACmerged_contig_8185_edited.mfa
GERP_PNG/mfa_dir/ACmerged_contig_8185_edited.mfa.rates
GERP_PNG/mfa_dir/ACmerged_contig_8185_edited.mfa.rates.elems
GERP_PNG/mfa_dir/ACmerged_contig_8185_edited.mfa.rates.exclude
GERP_PNG/mfa_dir/ACmerged_contig_8192.mfa
GERP_PNG/mfa_dir/ACmerged_contig_8192_edited.mfa
GERP_PNG/mfa_dir/ACmerged_contig_8192_edited.mfa.rates
GERP_PNG/mfa_dir/ACmerged_contig_8192_edited.mfa.rates.elems
GERP_PNG/mfa_dir/ACmerged_contig_8192_edited.mfa.rates.exclude
GERP_PNG/mfa_dir/ACmerged_contig_821.mfa
GERP_PNG/mfa_dir/ACmerged_contig_8215.mfa
GERP_PNG/mfa_dir/ACmerged_contig_8215_edited.mfa
GERP_PNG/mfa_dir/ACmerged_contig_8215_edited.mfa.rates
GERP_PNG/mfa_dir/ACmerged_contig_8215_edited.mfa.rates.elems
GERP_PNG/mfa_dir/ACmerged_contig_8215_edited.mfa.rates.exclude
GERP_PNG/mfa_dir/ACmerged_contig_821_edited.mfa
GERP_PNG/mfa_dir/ACmerged_contig_821_edited.mfa.rates
GERP_PNG/mfa_dir/ACmerged_contig_821_edited.mfa.rates.elems
GERP_PNG/mfa_dir/ACmerged_contig_821_edited.mfa.rates.exclude
GERP_PNG/mfa_dir/ACmerged_contig_8257.mfa
GERP_PNG/mfa_dir/ACmerged_contig_8257_edited.mfa
GERP_PNG/mfa_dir/ACmerged_contig_8257_edited.mfa.rates
GERP_PNG/mfa_dir/ACmerged_contig_8257_edited.mfa.rates.elems
GERP_PNG/mfa_dir/ACmerged_contig_8257_edited.mfa.rates.exclude
GERP_PNG/mfa_dir/ACmerged_contig_8258.mfa
GERP_PNG/mfa_dir/ACmerged_contig_8258_edited.mfa
GERP_PNG/mfa_dir/ACmerged_contig_8258_edited.mfa.rates
GERP_PNG/mfa_dir/ACmerged_contig_8258_edited.mfa.rates.elems
GERP_PNG/mfa_dir/ACmerged_contig_8258_edited.mfa.rates.exclude
GERP_PNG/mfa_dir/ACmerged_contig_8261.mfa
GERP_PNG/mfa_dir/ACmerged_contig_8261_edited.mfa
GERP_PNG/mfa_dir/ACmerged_contig_8261_edited.mfa.rates
GERP_PNG/mfa_dir/ACmerged_contig_8261_edited.mfa.rates.elems
GERP_PNG/mfa_dir/ACmerged_contig_8261_edited.mfa.rates.exclude
GERP_PNG/mfa_dir/ACmerged_contig_8273.mfa
GERP_PNG/mfa_dir/ACmerged_contig_8273_edited.mfa
GERP_PNG/mfa_dir/ACmerged_contig_8273_edited.mfa.rates
GERP_PNG/mfa_dir/ACmerged_contig_8273_edited.mfa.rates.elems
GERP_PNG/mfa_dir/ACmerged_contig_8273_edited.mfa.rates.exclude
GERP_PNG/mfa_dir/ACmerged_contig_8330.mfa
GERP_PNG/mfa_dir/ACmerged_contig_8330_edited.mfa
GERP_PNG/mfa_dir/ACmerged_contig_8330_edited.mfa.rates
GERP_PNG/mfa_dir/ACmerged_contig_8330_edited.mfa.rates.elems
GERP_PNG/mfa_dir/ACmerged_contig_8330_edited.mfa.rates.exclude
GERP_PNG/mfa_dir/ACmerged_contig_8342.mfa
GERP_PNG/mfa_dir/ACmerged_contig_8342_edited.mfa
GERP_PNG/mfa_dir/ACmerged_contig_8342_edited.mfa.rates
GERP_PNG/mfa_dir/ACmerged_contig_8342_edited.mfa.rates.elems
GERP_PNG/mfa_dir/ACmerged_contig_8342_edited.mfa.rates.exclude
GERP_PNG/mfa_dir/ACmerged_contig_8356.mfa
GERP_PNG/mfa_dir/ACmerged_contig_8356_edited.mfa
GERP_PNG/mfa_dir/ACmerged_contig_8356_edited.mfa.rates
GERP_PNG/mfa_dir/ACmerged_contig_8356_edited.mfa.rates.elems
GERP_PNG/mfa_dir/ACmerged_contig_8356_edited.mfa.rates.exclude
GERP_PNG/mfa_dir/ACmerged_contig_8365.mfa
GERP_PNG/mfa_dir/ACmerged_contig_8365_edited.mfa
GERP_PNG/mfa_dir/ACmerged_contig_8365_edited.mfa.rates
GERP_PNG/mfa_dir/ACmerged_contig_8365_edited.mfa.rates.elems
GERP_PNG/mfa_dir/ACmerged_contig_8365_edited.mfa.rates.exclude
GERP_PNG/mfa_dir/ACmerged_contig_8372.mfa
GERP_PNG/mfa_dir/ACmerged_contig_8372_edited.mfa
GERP_PNG/mfa_dir/ACmerged_contig_8372_edited.mfa.rates
GERP_PNG/mfa_dir/ACmerged_contig_8372_edited.mfa.rates.elems
GERP_PNG/mfa_dir/ACmerged_contig_8372_edited.mfa.rates.exclude
GERP_PNG/mfa_dir/ACmerged_contig_8373.mfa
GERP_PNG/mfa_dir/ACmerged_contig_8373_edited.mfa
GERP_PNG/mfa_dir/ACmerged_contig_8373_edited.mfa.rates
GERP_PNG/mfa_dir/ACmerged_contig_8373_edited.mfa.rates.elems
GERP_PNG/mfa_dir/ACmerged_contig_8373_edited.mfa.rates.exclude
GERP_PNG/mfa_dir/ACmerged_contig_8384.mfa
GERP_PNG/mfa_dir/ACmerged_contig_8384_edited.mfa
GERP_PNG/mfa_dir/ACmerged_contig_8384_edited.mfa.rates
GERP_PNG/mfa_dir/ACmerged_contig_8384_edited.mfa.rates.elems
GERP_PNG/mfa_dir/ACmerged_contig_8384_edited.mfa.rates.exclude
GERP_PNG/mfa_dir/ACmerged_contig_8392.mfa
GERP_PNG/mfa_dir/ACmerged_contig_8392_edited.mfa
GERP_PNG/mfa_dir/ACmerged_contig_8392_edited.mfa.rates
GERP_PNG/mfa_dir/ACmerged_contig_8392_edited.mfa.rates.elems
GERP_PNG/mfa_dir/ACmerged_contig_8392_edited.mfa.rates.exclude
GERP_PNG/mfa_dir/ACmerged_contig_8435.mfa
GERP_PNG/mfa_dir/ACmerged_contig_8435_edited.mfa
GERP_PNG/mfa_dir/ACmerged_contig_8435_edited.mfa.rates
GERP_PNG/mfa_dir/ACmerged_contig_8435_edited.mfa.rates.elems
GERP_PNG/mfa_dir/ACmerged_contig_8435_edited.mfa.rates.exclude
GERP_PNG/mfa_dir/ACmerged_contig_8441.mfa
GERP_PNG/mfa_dir/ACmerged_contig_8441_edited.mfa
GERP_PNG/mfa_dir/ACmerged_contig_8441_edited.mfa.rates
GERP_PNG/mfa_dir/ACmerged_contig_8441_edited.mfa.rates.elems
GERP_PNG/mfa_dir/ACmerged_contig_8441_edited.mfa.rates.exclude
GERP_PNG/mfa_dir/ACmerged_contig_8451.mfa
GERP_PNG/mfa_dir/ACmerged_contig_8451_edited.mfa
GERP_PNG/mfa_dir/ACmerged_contig_8451_edited.mfa.rates
GERP_PNG/mfa_dir/ACmerged_contig_8451_edited.mfa.rates.elems
GERP_PNG/mfa_dir/ACmerged_contig_8451_edited.mfa.rates.exclude
GERP_PNG/mfa_dir/ACmerged_contig_8468.mfa
GERP_PNG/mfa_dir/ACmerged_contig_8468_edited.mfa
GERP_PNG/mfa_dir/ACmerged_contig_8468_edited.mfa.rates
GERP_PNG/mfa_dir/ACmerged_contig_8468_edited.mfa.rates.elems
GERP_PNG/mfa_dir/ACmerged_contig_8468_edited.mfa.rates.exclude
GERP_PNG/mfa_dir/ACmerged_contig_8477.mfa
GERP_PNG/mfa_dir/ACmerged_contig_8477_edited.mfa
GERP_PNG/mfa_dir/ACmerged_contig_8477_edited.mfa.rates
GERP_PNG/mfa_dir/ACmerged_contig_8477_edited.mfa.rates.elems
GERP_PNG/mfa_dir/ACmerged_contig_8477_edited.mfa.rates.exclude
GERP_PNG/mfa_dir/ACmerged_contig_849.mfa
GERP_PNG/mfa_dir/ACmerged_contig_849_edited.mfa
GERP_PNG/mfa_dir/ACmerged_contig_849_edited.mfa.rates
GERP_PNG/mfa_dir/ACmerged_contig_849_edited.mfa.rates.elems
GERP_PNG/mfa_dir/ACmerged_contig_849_edited.mfa.rates.exclude
GERP_PNG/mfa_dir/ACmerged_contig_850.mfa
GERP_PNG/mfa_dir/ACmerged_contig_850_edited.mfa
GERP_PNG/mfa_dir/ACmerged_contig_850_edited.mfa.rates
GERP_PNG/mfa_dir/ACmerged_contig_850_edited.mfa.rates.elems
GERP_PNG/mfa_dir/ACmerged_contig_850_edited.mfa.rates.exclude
GERP_PNG/mfa_dir/ACmerged_contig_8523.mfa
GERP_PNG/mfa_dir/ACmerged_contig_8523_edited.mfa
GERP_PNG/mfa_dir/ACmerged_contig_8523_edited.mfa.rates
GERP_PNG/mfa_dir/ACmerged_contig_8523_edited.mfa.rates.elems
GERP_PNG/mfa_dir/ACmerged_contig_8523_edited.mfa.rates.exclude
GERP_PNG/mfa_dir/ACmerged_contig_8524.mfa
GERP_PNG/mfa_dir/ACmerged_contig_8524_edited.mfa
GERP_PNG/mfa_dir/ACmerged_contig_8524_edited.mfa.rates
GERP_PNG/mfa_dir/ACmerged_contig_8524_edited.mfa.rates.elems
GERP_PNG/mfa_dir/ACmerged_contig_8524_edited.mfa.rates.exclude
GERP_PNG/mfa_dir/ACmerged_contig_8537.mfa
GERP_PNG/mfa_dir/ACmerged_contig_8537_edited.mfa
GERP_PNG/mfa_dir/ACmerged_contig_8537_edited.mfa.rates
GERP_PNG/mfa_dir/ACmerged_contig_8537_edited.mfa.rates.elems
GERP_PNG/mfa_dir/ACmerged_contig_8537_edited.mfa.rates.exclude
GERP_PNG/mfa_dir/ACmerged_contig_8549.mfa
GERP_PNG/mfa_dir/ACmerged_contig_8549_edited.mfa
GERP_PNG/mfa_dir/ACmerged_contig_8549_edited.mfa.rates
GERP_PNG/mfa_dir/ACmerged_contig_8549_edited.mfa.rates.elems
GERP_PNG/mfa_dir/ACmerged_contig_8549_edited.mfa.rates.exclude
GERP_PNG/mfa_dir/ACmerged_contig_8553.mfa
GERP_PNG/mfa_dir/ACmerged_contig_8553_edited.mfa
GERP_PNG/mfa_dir/ACmerged_contig_8553_edited.mfa.rates
GERP_PNG/mfa_dir/ACmerged_contig_8553_edited.mfa.rates.elems
GERP_PNG/mfa_dir/ACmerged_contig_8553_edited.mfa.rates.exclude
GERP_PNG/mfa_dir/ACmerged_contig_8574.mfa
GERP_PNG/mfa_dir/ACmerged_contig_8574_edited.mfa
GERP_PNG/mfa_dir/ACmerged_contig_8574_edited.mfa.rates
GERP_PNG/mfa_dir/ACmerged_contig_8574_edited.mfa.rates.elems
GERP_PNG/mfa_dir/ACmerged_contig_8574_edited.mfa.rates.exclude
GERP_PNG/mfa_dir/ACmerged_contig_86.mfa
GERP_PNG/mfa_dir/ACmerged_contig_864.mfa
GERP_PNG/mfa_dir/ACmerged_contig_864_edited.mfa
GERP_PNG/mfa_dir/ACmerged_contig_864_edited.mfa.rates
GERP_PNG/mfa_dir/ACmerged_contig_864_edited.mfa.rates.elems
GERP_PNG/mfa_dir/ACmerged_contig_864_edited.mfa.rates.exclude
GERP_PNG/mfa_dir/ACmerged_contig_86_edited.mfa
GERP_PNG/mfa_dir/ACmerged_contig_86_edited.mfa.rates
GERP_PNG/mfa_dir/ACmerged_contig_86_edited.mfa.rates.elems
GERP_PNG/mfa_dir/ACmerged_contig_86_edited.mfa.rates.exclude
GERP_PNG/mfa_dir/ACmerged_contig_8701.mfa
GERP_PNG/mfa_dir/ACmerged_contig_8701_edited.mfa
GERP_PNG/mfa_dir/ACmerged_contig_8701_edited.mfa.rates
GERP_PNG/mfa_dir/ACmerged_contig_8701_edited.mfa.rates.elems
GERP_PNG/mfa_dir/ACmerged_contig_8701_edited.mfa.rates.exclude
GERP_PNG/mfa_dir/ACmerged_contig_8728.mfa
GERP_PNG/mfa_dir/ACmerged_contig_8728_edited.mfa
GERP_PNG/mfa_dir/ACmerged_contig_8728_edited.mfa.rates
GERP_PNG/mfa_dir/ACmerged_contig_8728_edited.mfa.rates.elems
GERP_PNG/mfa_dir/ACmerged_contig_8728_edited.mfa.rates.exclude
GERP_PNG/mfa_dir/ACmerged_contig_8754.mfa
GERP_PNG/mfa_dir/ACmerged_contig_8754_edited.mfa
GERP_PNG/mfa_dir/ACmerged_contig_8754_edited.mfa.rates
GERP_PNG/mfa_dir/ACmerged_contig_8754_edited.mfa.rates.elems
GERP_PNG/mfa_dir/ACmerged_contig_8754_edited.mfa.rates.exclude
GERP_PNG/mfa_dir/ACmerged_contig_8779.mfa
GERP_PNG/mfa_dir/ACmerged_contig_8779_edited.mfa
GERP_PNG/mfa_dir/ACmerged_contig_8779_edited.mfa.rates
GERP_PNG/mfa_dir/ACmerged_contig_8779_edited.mfa.rates.elems
GERP_PNG/mfa_dir/ACmerged_contig_8779_edited.mfa.rates.exclude
GERP_PNG/mfa_dir/ACmerged_contig_8783.mfa
GERP_PNG/mfa_dir/ACmerged_contig_8783_edited.mfa
GERP_PNG/mfa_dir/ACmerged_contig_8783_edited.mfa.rates
GERP_PNG/mfa_dir/ACmerged_contig_8783_edited.mfa.rates.elems
GERP_PNG/mfa_dir/ACmerged_contig_8783_edited.mfa.rates.exclude
GERP_PNG/mfa_dir/ACmerged_contig_8797.mfa
GERP_PNG/mfa_dir/ACmerged_contig_8797_edited.mfa
GERP_PNG/mfa_dir/ACmerged_contig_8797_edited.mfa.rates
GERP_PNG/mfa_dir/ACmerged_contig_8797_edited.mfa.rates.elems
GERP_PNG/mfa_dir/ACmerged_contig_8797_edited.mfa.rates.exclude
GERP_PNG/mfa_dir/ACmerged_contig_8824.mfa
GERP_PNG/mfa_dir/ACmerged_contig_8824_edited.mfa
GERP_PNG/mfa_dir/ACmerged_contig_8824_edited.mfa.rates
GERP_PNG/mfa_dir/ACmerged_contig_8824_edited.mfa.rates.elems
GERP_PNG/mfa_dir/ACmerged_contig_8824_edited.mfa.rates.exclude
GERP_PNG/mfa_dir/ACmerged_contig_885.mfa
GERP_PNG/mfa_dir/ACmerged_contig_885_edited.mfa
GERP_PNG/mfa_dir/ACmerged_contig_885_edited.mfa.rates
GERP_PNG/mfa_dir/ACmerged_contig_885_edited.mfa.rates.elems
GERP_PNG/mfa_dir/ACmerged_contig_885_edited.mfa.rates.exclude
GERP_PNG/mfa_dir/ACmerged_contig_8940.mfa
GERP_PNG/mfa_dir/ACmerged_contig_8940_edited.mfa
GERP_PNG/mfa_dir/ACmerged_contig_8940_edited.mfa.rates
GERP_PNG/mfa_dir/ACmerged_contig_8940_edited.mfa.rates.elems
GERP_PNG/mfa_dir/ACmerged_contig_8940_edited.mfa.rates.exclude
GERP_PNG/mfa_dir/ACmerged_contig_8948.mfa
GERP_PNG/mfa_dir/ACmerged_contig_8948_edited.mfa
GERP_PNG/mfa_dir/ACmerged_contig_8948_edited.mfa.rates
GERP_PNG/mfa_dir/ACmerged_contig_8948_edited.mfa.rates.elems
GERP_PNG/mfa_dir/ACmerged_contig_8948_edited.mfa.rates.exclude
GERP_PNG/mfa_dir/ACmerged_contig_8966.mfa
GERP_PNG/mfa_dir/ACmerged_contig_8966_edited.mfa
GERP_PNG/mfa_dir/ACmerged_contig_8966_edited.mfa.rates
GERP_PNG/mfa_dir/ACmerged_contig_8966_edited.mfa.rates.elems
GERP_PNG/mfa_dir/ACmerged_contig_8966_edited.mfa.rates.exclude
GERP_PNG/mfa_dir/ACmerged_contig_897.mfa
GERP_PNG/mfa_dir/ACmerged_contig_8977.mfa
GERP_PNG/mfa_dir/ACmerged_contig_8977_edited.mfa
GERP_PNG/mfa_dir/ACmerged_contig_8977_edited.mfa.rates
GERP_PNG/mfa_dir/ACmerged_contig_8977_edited.mfa.rates.elems
GERP_PNG/mfa_dir/ACmerged_contig_8977_edited.mfa.rates.exclude
GERP_PNG/mfa_dir/ACmerged_contig_8978.mfa
GERP_PNG/mfa_dir/ACmerged_contig_8978_edited.mfa
GERP_PNG/mfa_dir/ACmerged_contig_8978_edited.mfa.rates
GERP_PNG/mfa_dir/ACmerged_contig_8978_edited.mfa.rates.elems
GERP_PNG/mfa_dir/ACmerged_contig_8978_edited.mfa.rates.exclude
GERP_PNG/mfa_dir/ACmerged_contig_897_edited.mfa
GERP_PNG/mfa_dir/ACmerged_contig_897_edited.mfa.rates
GERP_PNG/mfa_dir/ACmerged_contig_897_edited.mfa.rates.elems
GERP_PNG/mfa_dir/ACmerged_contig_897_edited.mfa.rates.exclude
GERP_PNG/mfa_dir/ACmerged_contig_9000.mfa
GERP_PNG/mfa_dir/ACmerged_contig_9000_edited.mfa
GERP_PNG/mfa_dir/ACmerged_contig_9000_edited.mfa.rates
GERP_PNG/mfa_dir/ACmerged_contig_9000_edited.mfa.rates.elems
GERP_PNG/mfa_dir/ACmerged_contig_9000_edited.mfa.rates.exclude
GERP_PNG/mfa_dir/ACmerged_contig_9001.mfa
GERP_PNG/mfa_dir/ACmerged_contig_9001_edited.mfa
GERP_PNG/mfa_dir/ACmerged_contig_9001_edited.mfa.rates
GERP_PNG/mfa_dir/ACmerged_contig_9001_edited.mfa.rates.elems
GERP_PNG/mfa_dir/ACmerged_contig_9001_edited.mfa.rates.exclude
GERP_PNG/mfa_dir/ACmerged_contig_9012.mfa
GERP_PNG/mfa_dir/ACmerged_contig_9012_edited.mfa
GERP_PNG/mfa_dir/ACmerged_contig_9012_edited.mfa.rates
GERP_PNG/mfa_dir/ACmerged_contig_9012_edited.mfa.rates.elems
GERP_PNG/mfa_dir/ACmerged_contig_9012_edited.mfa.rates.exclude
GERP_PNG/mfa_dir/ACmerged_contig_9015.mfa
GERP_PNG/mfa_dir/ACmerged_contig_9015_edited.mfa
GERP_PNG/mfa_dir/ACmerged_contig_9015_edited.mfa.rates
GERP_PNG/mfa_dir/ACmerged_contig_9015_edited.mfa.rates.elems
GERP_PNG/mfa_dir/ACmerged_contig_9015_edited.mfa.rates.exclude
GERP_PNG/mfa_dir/ACmerged_contig_9019.mfa
GERP_PNG/mfa_dir/ACmerged_contig_9019_edited.mfa
GERP_PNG/mfa_dir/ACmerged_contig_9019_edited.mfa.rates
GERP_PNG/mfa_dir/ACmerged_contig_9019_edited.mfa.rates.elems
GERP_PNG/mfa_dir/ACmerged_contig_9019_edited.mfa.rates.exclude
GERP_PNG/mfa_dir/ACmerged_contig_9049.mfa
GERP_PNG/mfa_dir/ACmerged_contig_9049_edited.mfa
GERP_PNG/mfa_dir/ACmerged_contig_9049_edited.mfa.rates
GERP_PNG/mfa_dir/ACmerged_contig_9049_edited.mfa.rates.elems
GERP_PNG/mfa_dir/ACmerged_contig_9049_edited.mfa.rates.exclude
GERP_PNG/mfa_dir/ACmerged_contig_9083.mfa
GERP_PNG/mfa_dir/ACmerged_contig_9083_edited.mfa
GERP_PNG/mfa_dir/ACmerged_contig_9083_edited.mfa.rates
GERP_PNG/mfa_dir/ACmerged_contig_9083_edited.mfa.rates.elems
GERP_PNG/mfa_dir/ACmerged_contig_9083_edited.mfa.rates.exclude
GERP_PNG/mfa_dir/ACmerged_contig_9093.mfa
GERP_PNG/mfa_dir/ACmerged_contig_9093_edited.mfa
GERP_PNG/mfa_dir/ACmerged_contig_9093_edited.mfa.rates
GERP_PNG/mfa_dir/ACmerged_contig_9093_edited.mfa.rates.elems
GERP_PNG/mfa_dir/ACmerged_contig_9093_edited.mfa.rates.exclude
GERP_PNG/mfa_dir/ACmerged_contig_9094.mfa
GERP_PNG/mfa_dir/ACmerged_contig_9094_edited.mfa
GERP_PNG/mfa_dir/ACmerged_contig_9094_edited.mfa.rates
GERP_PNG/mfa_dir/ACmerged_contig_9094_edited.mfa.rates.elems
GERP_PNG/mfa_dir/ACmerged_contig_9094_edited.mfa.rates.exclude
GERP_PNG/mfa_dir/ACmerged_contig_9107.mfa
GERP_PNG/mfa_dir/ACmerged_contig_9107_edited.mfa
GERP_PNG/mfa_dir/ACmerged_contig_9107_edited.mfa.rates
GERP_PNG/mfa_dir/ACmerged_contig_9107_edited.mfa.rates.elems
GERP_PNG/mfa_dir/ACmerged_contig_9107_edited.mfa.rates.exclude
GERP_PNG/mfa_dir/ACmerged_contig_9130.mfa
GERP_PNG/mfa_dir/ACmerged_contig_9130_edited.mfa
GERP_PNG/mfa_dir/ACmerged_contig_9130_edited.mfa.rates
GERP_PNG/mfa_dir/ACmerged_contig_9130_edited.mfa.rates.elems
GERP_PNG/mfa_dir/ACmerged_contig_9130_edited.mfa.rates.exclude
GERP_PNG/mfa_dir/ACmerged_contig_9136.mfa
GERP_PNG/mfa_dir/ACmerged_contig_9136_edited.mfa
GERP_PNG/mfa_dir/ACmerged_contig_9136_edited.mfa.rates
GERP_PNG/mfa_dir/ACmerged_contig_9136_edited.mfa.rates.elems
GERP_PNG/mfa_dir/ACmerged_contig_9136_edited.mfa.rates.exclude
GERP_PNG/mfa_dir/ACmerged_contig_9147.mfa
GERP_PNG/mfa_dir/ACmerged_contig_9147_edited.mfa
GERP_PNG/mfa_dir/ACmerged_contig_9147_edited.mfa.rates
GERP_PNG/mfa_dir/ACmerged_contig_9147_edited.mfa.rates.elems
GERP_PNG/mfa_dir/ACmerged_contig_9147_edited.mfa.rates.exclude
GERP_PNG/mfa_dir/ACmerged_contig_9152.mfa
GERP_PNG/mfa_dir/ACmerged_contig_9152_edited.mfa
GERP_PNG/mfa_dir/ACmerged_contig_9152_edited.mfa.rates
GERP_PNG/mfa_dir/ACmerged_contig_9152_edited.mfa.rates.elems
GERP_PNG/mfa_dir/ACmerged_contig_9152_edited.mfa.rates.exclude
GERP_PNG/mfa_dir/ACmerged_contig_9163.mfa
GERP_PNG/mfa_dir/ACmerged_contig_9163_edited.mfa
GERP_PNG/mfa_dir/ACmerged_contig_9163_edited.mfa.rates
GERP_PNG/mfa_dir/ACmerged_contig_9163_edited.mfa.rates.elems
GERP_PNG/mfa_dir/ACmerged_contig_9163_edited.mfa.rates.exclude
GERP_PNG/mfa_dir/ACmerged_contig_9222.mfa
GERP_PNG/mfa_dir/ACmerged_contig_9222_edited.mfa
GERP_PNG/mfa_dir/ACmerged_contig_9222_edited.mfa.rates
GERP_PNG/mfa_dir/ACmerged_contig_9222_edited.mfa.rates.elems
GERP_PNG/mfa_dir/ACmerged_contig_9222_edited.mfa.rates.exclude
GERP_PNG/mfa_dir/ACmerged_contig_9248.mfa
GERP_PNG/mfa_dir/ACmerged_contig_9248_edited.mfa
GERP_PNG/mfa_dir/ACmerged_contig_9248_edited.mfa.rates
GERP_PNG/mfa_dir/ACmerged_contig_9248_edited.mfa.rates.elems
GERP_PNG/mfa_dir/ACmerged_contig_9248_edited.mfa.rates.exclude
GERP_PNG/mfa_dir/ACmerged_contig_9249.mfa
GERP_PNG/mfa_dir/ACmerged_contig_9249_edited.mfa
GERP_PNG/mfa_dir/ACmerged_contig_9249_edited.mfa.rates
GERP_PNG/mfa_dir/ACmerged_contig_9249_edited.mfa.rates.elems
GERP_PNG/mfa_dir/ACmerged_contig_9249_edited.mfa.rates.exclude
GERP_PNG/mfa_dir/ACmerged_contig_9256.mfa
GERP_PNG/mfa_dir/ACmerged_contig_9256_edited.mfa
GERP_PNG/mfa_dir/ACmerged_contig_9256_edited.mfa.rates
GERP_PNG/mfa_dir/ACmerged_contig_9256_edited.mfa.rates.elems
GERP_PNG/mfa_dir/ACmerged_contig_9256_edited.mfa.rates.exclude
GERP_PNG/mfa_dir/ACmerged_contig_9257.mfa
GERP_PNG/mfa_dir/ACmerged_contig_9257_edited.mfa
GERP_PNG/mfa_dir/ACmerged_contig_9257_edited.mfa.rates
GERP_PNG/mfa_dir/ACmerged_contig_9257_edited.mfa.rates.elems
GERP_PNG/mfa_dir/ACmerged_contig_9257_edited.mfa.rates.exclude
GERP_PNG/mfa_dir/ACmerged_contig_9289.mfa
GERP_PNG/mfa_dir/ACmerged_contig_9289_edited.mfa
GERP_PNG/mfa_dir/ACmerged_contig_9289_edited.mfa.rates
GERP_PNG/mfa_dir/ACmerged_contig_9289_edited.mfa.rates.elems
GERP_PNG/mfa_dir/ACmerged_contig_9289_edited.mfa.rates.exclude
GERP_PNG/mfa_dir/ACmerged_contig_9306.mfa
GERP_PNG/mfa_dir/ACmerged_contig_9306_edited.mfa
GERP_PNG/mfa_dir/ACmerged_contig_9306_edited.mfa.rates
GERP_PNG/mfa_dir/ACmerged_contig_9306_edited.mfa.rates.elems
GERP_PNG/mfa_dir/ACmerged_contig_9306_edited.mfa.rates.exclude
GERP_PNG/mfa_dir/ACmerged_contig_9321.mfa
GERP_PNG/mfa_dir/ACmerged_contig_9321_edited.mfa
GERP_PNG/mfa_dir/ACmerged_contig_9321_edited.mfa.rates
GERP_PNG/mfa_dir/ACmerged_contig_9321_edited.mfa.rates.elems
GERP_PNG/mfa_dir/ACmerged_contig_9321_edited.mfa.rates.exclude
GERP_PNG/mfa_dir/ACmerged_contig_9325.mfa
GERP_PNG/mfa_dir/ACmerged_contig_9325_edited.mfa
GERP_PNG/mfa_dir/ACmerged_contig_9325_edited.mfa.rates
GERP_PNG/mfa_dir/ACmerged_contig_9325_edited.mfa.rates.elems
GERP_PNG/mfa_dir/ACmerged_contig_9325_edited.mfa.rates.exclude
GERP_PNG/mfa_dir/ACmerged_contig_936.mfa
GERP_PNG/mfa_dir/ACmerged_contig_936_edited.mfa
GERP_PNG/mfa_dir/ACmerged_contig_936_edited.mfa.rates
GERP_PNG/mfa_dir/ACmerged_contig_936_edited.mfa.rates.elems
GERP_PNG/mfa_dir/ACmerged_contig_936_edited.mfa.rates.exclude
GERP_PNG/mfa_dir/ACmerged_contig_938.mfa
GERP_PNG/mfa_dir/ACmerged_contig_9385.mfa
GERP_PNG/mfa_dir/ACmerged_contig_9385_edited.mfa
GERP_PNG/mfa_dir/ACmerged_contig_9385_edited.mfa.rates
GERP_PNG/mfa_dir/ACmerged_contig_9385_edited.mfa.rates.elems
GERP_PNG/mfa_dir/ACmerged_contig_9385_edited.mfa.rates.exclude
GERP_PNG/mfa_dir/ACmerged_contig_9386.mfa
GERP_PNG/mfa_dir/ACmerged_contig_9386_edited.mfa
GERP_PNG/mfa_dir/ACmerged_contig_9386_edited.mfa.rates
GERP_PNG/mfa_dir/ACmerged_contig_9386_edited.mfa.rates.elems
GERP_PNG/mfa_dir/ACmerged_contig_9386_edited.mfa.rates.exclude
GERP_PNG/mfa_dir/ACmerged_contig_938_edited.mfa
GERP_PNG/mfa_dir/ACmerged_contig_938_edited.mfa.rates
GERP_PNG/mfa_dir/ACmerged_contig_938_edited.mfa.rates.elems
GERP_PNG/mfa_dir/ACmerged_contig_938_edited.mfa.rates.exclude
GERP_PNG/mfa_dir/ACmerged_contig_9400.mfa
GERP_PNG/mfa_dir/ACmerged_contig_9400_edited.mfa
GERP_PNG/mfa_dir/ACmerged_contig_9400_edited.mfa.rates
GERP_PNG/mfa_dir/ACmerged_contig_9400_edited.mfa.rates.elems
GERP_PNG/mfa_dir/ACmerged_contig_9400_edited.mfa.rates.exclude
GERP_PNG/mfa_dir/ACmerged_contig_9412.mfa
GERP_PNG/mfa_dir/ACmerged_contig_9412_edited.mfa
GERP_PNG/mfa_dir/ACmerged_contig_9412_edited.mfa.rates
GERP_PNG/mfa_dir/ACmerged_contig_9412_edited.mfa.rates.elems
GERP_PNG/mfa_dir/ACmerged_contig_9412_edited.mfa.rates.exclude
GERP_PNG/mfa_dir/ACmerged_contig_9415.mfa
GERP_PNG/mfa_dir/ACmerged_contig_9415_edited.mfa
GERP_PNG/mfa_dir/ACmerged_contig_9415_edited.mfa.rates
GERP_PNG/mfa_dir/ACmerged_contig_9415_edited.mfa.rates.elems
GERP_PNG/mfa_dir/ACmerged_contig_9415_edited.mfa.rates.exclude
GERP_PNG/mfa_dir/ACmerged_contig_9444.mfa
GERP_PNG/mfa_dir/ACmerged_contig_9444_edited.mfa
GERP_PNG/mfa_dir/ACmerged_contig_9444_edited.mfa.rates
GERP_PNG/mfa_dir/ACmerged_contig_9444_edited.mfa.rates.elems
GERP_PNG/mfa_dir/ACmerged_contig_9444_edited.mfa.rates.exclude
GERP_PNG/mfa_dir/ACmerged_contig_9459.mfa
GERP_PNG/mfa_dir/ACmerged_contig_9459_edited.mfa
GERP_PNG/mfa_dir/ACmerged_contig_9459_edited.mfa.rates
GERP_PNG/mfa_dir/ACmerged_contig_9459_edited.mfa.rates.elems
GERP_PNG/mfa_dir/ACmerged_contig_9459_edited.mfa.rates.exclude
GERP_PNG/mfa_dir/ACmerged_contig_9490.mfa
GERP_PNG/mfa_dir/ACmerged_contig_9490_edited.mfa
GERP_PNG/mfa_dir/ACmerged_contig_9490_edited.mfa.rates
GERP_PNG/mfa_dir/ACmerged_contig_9490_edited.mfa.rates.elems
GERP_PNG/mfa_dir/ACmerged_contig_9490_edited.mfa.rates.exclude
GERP_PNG/mfa_dir/ACmerged_contig_9502.mfa
GERP_PNG/mfa_dir/ACmerged_contig_9502_edited.mfa
GERP_PNG/mfa_dir/ACmerged_contig_9502_edited.mfa.rates
GERP_PNG/mfa_dir/ACmerged_contig_9502_edited.mfa.rates.elems
GERP_PNG/mfa_dir/ACmerged_contig_9502_edited.mfa.rates.exclude
GERP_PNG/mfa_dir/ACmerged_contig_9507.mfa
GERP_PNG/mfa_dir/ACmerged_contig_9507_edited.mfa
GERP_PNG/mfa_dir/ACmerged_contig_9507_edited.mfa.rates
GERP_PNG/mfa_dir/ACmerged_contig_9507_edited.mfa.rates.elems
GERP_PNG/mfa_dir/ACmerged_contig_9507_edited.mfa.rates.exclude
GERP_PNG/mfa_dir/ACmerged_contig_9513.mfa
GERP_PNG/mfa_dir/ACmerged_contig_9513_edited.mfa
GERP_PNG/mfa_dir/ACmerged_contig_9513_edited.mfa.rates
GERP_PNG/mfa_dir/ACmerged_contig_9513_edited.mfa.rates.elems
GERP_PNG/mfa_dir/ACmerged_contig_9513_edited.mfa.rates.exclude
GERP_PNG/mfa_dir/ACmerged_contig_9547.mfa
GERP_PNG/mfa_dir/ACmerged_contig_9547_edited.mfa
GERP_PNG/mfa_dir/ACmerged_contig_9547_edited.mfa.rates
GERP_PNG/mfa_dir/ACmerged_contig_9547_edited.mfa.rates.elems
GERP_PNG/mfa_dir/ACmerged_contig_9547_edited.mfa.rates.exclude
GERP_PNG/mfa_dir/ACmerged_contig_9552.mfa
GERP_PNG/mfa_dir/ACmerged_contig_9552_edited.mfa
GERP_PNG/mfa_dir/ACmerged_contig_9552_edited.mfa.rates
GERP_PNG/mfa_dir/ACmerged_contig_9552_edited.mfa.rates.elems
GERP_PNG/mfa_dir/ACmerged_contig_9552_edited.mfa.rates.exclude
GERP_PNG/mfa_dir/ACmerged_contig_9553.mfa
GERP_PNG/mfa_dir/ACmerged_contig_9553_edited.mfa
GERP_PNG/mfa_dir/ACmerged_contig_9553_edited.mfa.rates
GERP_PNG/mfa_dir/ACmerged_contig_9553_edited.mfa.rates.elems
GERP_PNG/mfa_dir/ACmerged_contig_9553_edited.mfa.rates.exclude
GERP_PNG/mfa_dir/ACmerged_contig_9559.mfa
GERP_PNG/mfa_dir/ACmerged_contig_9559_edited.mfa
GERP_PNG/mfa_dir/ACmerged_contig_9559_edited.mfa.rates
GERP_PNG/mfa_dir/ACmerged_contig_9559_edited.mfa.rates.elems
GERP_PNG/mfa_dir/ACmerged_contig_9559_edited.mfa.rates.exclude
GERP_PNG/mfa_dir/ACmerged_contig_9564.mfa
GERP_PNG/mfa_dir/ACmerged_contig_9564_edited.mfa
GERP_PNG/mfa_dir/ACmerged_contig_9564_edited.mfa.rates
GERP_PNG/mfa_dir/ACmerged_contig_9564_edited.mfa.rates.elems
GERP_PNG/mfa_dir/ACmerged_contig_9564_edited.mfa.rates.exclude
GERP_PNG/mfa_dir/ACmerged_contig_9578.mfa
GERP_PNG/mfa_dir/ACmerged_contig_9578_edited.mfa
GERP_PNG/mfa_dir/ACmerged_contig_9578_edited.mfa.rates
GERP_PNG/mfa_dir/ACmerged_contig_9578_edited.mfa.rates.elems
GERP_PNG/mfa_dir/ACmerged_contig_9578_edited.mfa.rates.exclude
GERP_PNG/mfa_dir/ACmerged_contig_958.mfa
GERP_PNG/mfa_dir/ACmerged_contig_958_edited.mfa
GERP_PNG/mfa_dir/ACmerged_contig_958_edited.mfa.rates
GERP_PNG/mfa_dir/ACmerged_contig_958_edited.mfa.rates.elems
GERP_PNG/mfa_dir/ACmerged_contig_958_edited.mfa.rates.exclude
GERP_PNG/mfa_dir/ACmerged_contig_9635.mfa
GERP_PNG/mfa_dir/ACmerged_contig_9635_edited.mfa
GERP_PNG/mfa_dir/ACmerged_contig_9635_edited.mfa.rates
GERP_PNG/mfa_dir/ACmerged_contig_9635_edited.mfa.rates.elems
GERP_PNG/mfa_dir/ACmerged_contig_9635_edited.mfa.rates.exclude
GERP_PNG/mfa_dir/ACmerged_contig_9637.mfa
GERP_PNG/mfa_dir/ACmerged_contig_9637_edited.mfa
GERP_PNG/mfa_dir/ACmerged_contig_9637_edited.mfa.rates
GERP_PNG/mfa_dir/ACmerged_contig_9637_edited.mfa.rates.elems
GERP_PNG/mfa_dir/ACmerged_contig_9637_edited.mfa.rates.exclude
GERP_PNG/mfa_dir/ACmerged_contig_9639.mfa
GERP_PNG/mfa_dir/ACmerged_contig_9639_edited.mfa
GERP_PNG/mfa_dir/ACmerged_contig_9639_edited.mfa.rates
GERP_PNG/mfa_dir/ACmerged_contig_9639_edited.mfa.rates.elems
GERP_PNG/mfa_dir/ACmerged_contig_9639_edited.mfa.rates.exclude
GERP_PNG/mfa_dir/ACmerged_contig_9657.mfa
GERP_PNG/mfa_dir/ACmerged_contig_9657_edited.mfa
GERP_PNG/mfa_dir/ACmerged_contig_9657_edited.mfa.rates
GERP_PNG/mfa_dir/ACmerged_contig_9657_edited.mfa.rates.elems
GERP_PNG/mfa_dir/ACmerged_contig_9657_edited.mfa.rates.exclude
GERP_PNG/mfa_dir/ACmerged_contig_9730.mfa
GERP_PNG/mfa_dir/ACmerged_contig_9730_edited.mfa
GERP_PNG/mfa_dir/ACmerged_contig_9730_edited.mfa.rates
GERP_PNG/mfa_dir/ACmerged_contig_9730_edited.mfa.rates.elems
GERP_PNG/mfa_dir/ACmerged_contig_9730_edited.mfa.rates.exclude
GERP_PNG/mfa_dir/ACmerged_contig_9734.mfa
GERP_PNG/mfa_dir/ACmerged_contig_9734_edited.mfa
GERP_PNG/mfa_dir/ACmerged_contig_9734_edited.mfa.rates
GERP_PNG/mfa_dir/ACmerged_contig_9734_edited.mfa.rates.elems
GERP_PNG/mfa_dir/ACmerged_contig_9734_edited.mfa.rates.exclude
GERP_PNG/mfa_dir/ACmerged_contig_9785.mfa
GERP_PNG/mfa_dir/ACmerged_contig_9785_edited.mfa
GERP_PNG/mfa_dir/ACmerged_contig_9785_edited.mfa.rates
GERP_PNG/mfa_dir/ACmerged_contig_9785_edited.mfa.rates.elems
GERP_PNG/mfa_dir/ACmerged_contig_9785_edited.mfa.rates.exclude
GERP_PNG/mfa_dir/ACmerged_contig_9816.mfa
GERP_PNG/mfa_dir/ACmerged_contig_9816_edited.mfa
GERP_PNG/mfa_dir/ACmerged_contig_9816_edited.mfa.rates
GERP_PNG/mfa_dir/ACmerged_contig_9816_edited.mfa.rates.elems
GERP_PNG/mfa_dir/ACmerged_contig_9816_edited.mfa.rates.exclude
GERP_PNG/mfa_dir/ACmerged_contig_9823.mfa
GERP_PNG/mfa_dir/ACmerged_contig_9823_edited.mfa
GERP_PNG/mfa_dir/ACmerged_contig_9823_edited.mfa.rates
GERP_PNG/mfa_dir/ACmerged_contig_9823_edited.mfa.rates.elems
GERP_PNG/mfa_dir/ACmerged_contig_9823_edited.mfa.rates.exclude
GERP_PNG/mfa_dir/ACmerged_contig_983.mfa
GERP_PNG/mfa_dir/ACmerged_contig_9831.mfa
GERP_PNG/mfa_dir/ACmerged_contig_9831_edited.mfa
GERP_PNG/mfa_dir/ACmerged_contig_9831_edited.mfa.rates
GERP_PNG/mfa_dir/ACmerged_contig_9831_edited.mfa.rates.elems
GERP_PNG/mfa_dir/ACmerged_contig_9831_edited.mfa.rates.exclude
GERP_PNG/mfa_dir/ACmerged_contig_9838.mfa
GERP_PNG/mfa_dir/ACmerged_contig_9838_edited.mfa
GERP_PNG/mfa_dir/ACmerged_contig_9838_edited.mfa.rates
GERP_PNG/mfa_dir/ACmerged_contig_9838_edited.mfa.rates.elems
GERP_PNG/mfa_dir/ACmerged_contig_9838_edited.mfa.rates.exclude
GERP_PNG/mfa_dir/ACmerged_contig_983_edited.mfa
GERP_PNG/mfa_dir/ACmerged_contig_983_edited.mfa.rates
GERP_PNG/mfa_dir/ACmerged_contig_983_edited.mfa.rates.elems
GERP_PNG/mfa_dir/ACmerged_contig_983_edited.mfa.rates.exclude
GERP_PNG/mfa_dir/ACmerged_contig_9855.mfa
GERP_PNG/mfa_dir/ACmerged_contig_9855_edited.mfa
GERP_PNG/mfa_dir/ACmerged_contig_9855_edited.mfa.rates
GERP_PNG/mfa_dir/ACmerged_contig_9855_edited.mfa.rates.elems
GERP_PNG/mfa_dir/ACmerged_contig_9855_edited.mfa.rates.exclude
GERP_PNG/mfa_dir/ACmerged_contig_9862.mfa
GERP_PNG/mfa_dir/ACmerged_contig_9862_edited.mfa
GERP_PNG/mfa_dir/ACmerged_contig_9862_edited.mfa.rates
GERP_PNG/mfa_dir/ACmerged_contig_9862_edited.mfa.rates.elems
GERP_PNG/mfa_dir/ACmerged_contig_9862_edited.mfa.rates.exclude
GERP_PNG/mfa_dir/ACmerged_contig_988.mfa
GERP_PNG/mfa_dir/ACmerged_contig_988_edited.mfa
GERP_PNG/mfa_dir/ACmerged_contig_988_edited.mfa.rates
GERP_PNG/mfa_dir/ACmerged_contig_988_edited.mfa.rates.elems
GERP_PNG/mfa_dir/ACmerged_contig_988_edited.mfa.rates.exclude
GERP_PNG/mfa_dir/ACmerged_contig_9901.mfa
GERP_PNG/mfa_dir/ACmerged_contig_9901_edited.mfa
GERP_PNG/mfa_dir/ACmerged_contig_9901_edited.mfa.rates
GERP_PNG/mfa_dir/ACmerged_contig_9901_edited.mfa.rates.elems
GERP_PNG/mfa_dir/ACmerged_contig_9901_edited.mfa.rates.exclude
GERP_PNG/mfa_dir/ACmerged_contig_9906.mfa
GERP_PNG/mfa_dir/ACmerged_contig_9906_edited.mfa
GERP_PNG/mfa_dir/ACmerged_contig_9906_edited.mfa.rates
GERP_PNG/mfa_dir/ACmerged_contig_9906_edited.mfa.rates.elems
GERP_PNG/mfa_dir/ACmerged_contig_9906_edited.mfa.rates.exclude
GERP_PNG/mfa_dir/ACmerged_contig_9951.mfa
GERP_PNG/mfa_dir/ACmerged_contig_9951_edited.mfa
GERP_PNG/mfa_dir/ACmerged_contig_9951_edited.mfa.rates
GERP_PNG/mfa_dir/ACmerged_contig_9951_edited.mfa.rates.elems
GERP_PNG/mfa_dir/ACmerged_contig_9951_edited.mfa.rates.exclude
GERP_PNG/mfa_dir/ACmerged_contig_9964.mfa
GERP_PNG/mfa_dir/ACmerged_contig_9964_edited.mfa
GERP_PNG/mfa_dir/ACmerged_contig_9964_edited.mfa.rates
GERP_PNG/mfa_dir/ACmerged_contig_9964_edited.mfa.rates.elems
GERP_PNG/mfa_dir/ACmerged_contig_9964_edited.mfa.rates.exclude
GERP_PNG/mfa_dir/ACmerged_contig_9979.mfa
GERP_PNG/mfa_dir/ACmerged_contig_9979_edited.mfa
GERP_PNG/mfa_dir/ACmerged_contig_9979_edited.mfa.rates
GERP_PNG/mfa_dir/ACmerged_contig_9979_edited.mfa.rates.elems
GERP_PNG/mfa_dir/ACmerged_contig_9979_edited.mfa.rates.exclude
GERP_PNG/mfa_dir/ACmerged_contig_9983.mfa
GERP_PNG/mfa_dir/ACmerged_contig_9983_edited.mfa
GERP_PNG/mfa_dir/ACmerged_contig_9983_edited.mfa.rates
GERP_PNG/mfa_dir/ACmerged_contig_9983_edited.mfa.rates.elems
GERP_PNG/mfa_dir/ACmerged_contig_9983_edited.mfa.rates.exclude
GERP_PNG/mfa_dir/Becon104Scf00004g0014.1.mfa
GERP_PNG/mfa_dir/Becon104Scf00004g0014.1_edited.mfa
GERP_PNG/mfa_dir/Becon104Scf00004g0014.1_edited.mfa.rates
GERP_PNG/mfa_dir/Becon104Scf00004g0014.1_edited.mfa.rates.elems
GERP_PNG/mfa_dir/Becon104Scf00004g0014.1_edited.mfa.rates.exclude
GERP_PNG/mfa_dir/Becon104Scf00009g2050.1.mfa
GERP_PNG/mfa_dir/Becon104Scf00009g2050.1_edited.mfa
GERP_PNG/mfa_dir/Becon104Scf00009g2050.1_edited.mfa.rates
GERP_PNG/mfa_dir/Becon104Scf00009g2050.1_edited.mfa.rates.elems
GERP_PNG/mfa_dir/Becon104Scf00009g2050.1_edited.mfa.rates.exclude
GERP_PNG/mfa_dir/Becon104Scf00043g2128.1.mfa
GERP_PNG/mfa_dir/Becon104Scf00043g2128.1_edited.mfa
GERP_PNG/mfa_dir/Becon104Scf00043g2128.1_edited.mfa.rates
GERP_PNG/mfa_dir/Becon104Scf00043g2128.1_edited.mfa.rates.elems
GERP_PNG/mfa_dir/Becon104Scf00043g2128.1_edited.mfa.rates.exclude
GERP_PNG/mfa_dir/Becon104Scf00074g1016.1.mfa
GERP_PNG/mfa_dir/Becon104Scf00074g1016.1_edited.mfa
GERP_PNG/mfa_dir/Becon104Scf00074g1016.1_edited.mfa.rates
GERP_PNG/mfa_dir/Becon104Scf00074g1016.1_edited.mfa.rates.elems
GERP_PNG/mfa_dir/Becon104Scf00074g1016.1_edited.mfa.rates.exclude
GERP_PNG/mfa_dir/Becon104Scf00105g1004.1.mfa
GERP_PNG/mfa_dir/Becon104Scf00105g1004.1_edited.mfa
GERP_PNG/mfa_dir/Becon104Scf00105g1004.1_edited.mfa.rates
GERP_PNG/mfa_dir/Becon104Scf00105g1004.1_edited.mfa.rates.elems
GERP_PNG/mfa_dir/Becon104Scf00105g1004.1_edited.mfa.rates.exclude
GERP_PNG/mfa_dir/Becon104Scf00113g1020.1.mfa
GERP_PNG/mfa_dir/Becon104Scf00113g1020.1_edited.mfa
GERP_PNG/mfa_dir/Becon104Scf00113g1020.1_edited.mfa.rates
GERP_PNG/mfa_dir/Becon104Scf00113g1020.1_edited.mfa.rates.elems
GERP_PNG/mfa_dir/Becon104Scf00113g1020.1_edited.mfa.rates.exclude
GERP_PNG/mfa_dir/Becon104Scf00144g0005.1.mfa
GERP_PNG/mfa_dir/Becon104Scf00144g0005.1_edited.mfa
GERP_PNG/mfa_dir/Becon104Scf00144g0005.1_edited.mfa.rates
GERP_PNG/mfa_dir/Becon104Scf00144g0005.1_edited.mfa.rates.elems
GERP_PNG/mfa_dir/Becon104Scf00144g0005.1_edited.mfa.rates.exclude
GERP_PNG/mfa_dir/Becon104Scf00145g1067.1.mfa
GERP_PNG/mfa_dir/Becon104Scf00145g1067.1_edited.mfa
GERP_PNG/mfa_dir/Becon104Scf00145g1067.1_edited.mfa.rates
GERP_PNG/mfa_dir/Becon104Scf00145g1067.1_edited.mfa.rates.elems
GERP_PNG/mfa_dir/Becon104Scf00145g1067.1_edited.mfa.rates.exclude
GERP_PNG/mfa_dir/Becon104Scf00184g1038.1.mfa
GERP_PNG/mfa_dir/Becon104Scf00184g1038.1_edited.mfa
GERP_PNG/mfa_dir/Becon104Scf00184g1038.1_edited.mfa.rates
GERP_PNG/mfa_dir/Becon104Scf00184g1038.1_edited.mfa.rates.elems
GERP_PNG/mfa_dir/Becon104Scf00184g1038.1_edited.mfa.rates.exclude
GERP_PNG/mfa_dir/Becon104Scf00233g0026.1.mfa
GERP_PNG/mfa_dir/Becon104Scf00233g0026.1_edited.mfa
GERP_PNG/mfa_dir/Becon104Scf00233g0026.1_edited.mfa.rates
GERP_PNG/mfa_dir/Becon104Scf00233g0026.1_edited.mfa.rates.elems
GERP_PNG/mfa_dir/Becon104Scf00233g0026.1_edited.mfa.rates.exclude
GERP_PNG/mfa_dir/Becon104Scf00341g0096.1.mfa
GERP_PNG/mfa_dir/Becon104Scf00341g0096.1_edited.mfa
GERP_PNG/mfa_dir/Becon104Scf00341g0096.1_edited.mfa.rates
GERP_PNG/mfa_dir/Becon104Scf00341g0096.1_edited.mfa.rates.elems
GERP_PNG/mfa_dir/Becon104Scf00341g0096.1_edited.mfa.rates.exclude
GERP_PNG/mfa_dir/Becon104Scf00382g0019.1.mfa
GERP_PNG/mfa_dir/Becon104Scf00382g0019.1_edited.mfa
GERP_PNG/mfa_dir/Becon104Scf00382g0019.1_edited.mfa.rates
GERP_PNG/mfa_dir/Becon104Scf00382g0019.1_edited.mfa.rates.elems
GERP_PNG/mfa_dir/Becon104Scf00382g0019.1_edited.mfa.rates.exclude
GERP_PNG/mfa_dir/Becon104Scf00399g0011.1.mfa
GERP_PNG/mfa_dir/Becon104Scf00399g0011.1_edited.mfa
GERP_PNG/mfa_dir/Becon104Scf00399g0011.1_edited.mfa.rates
GERP_PNG/mfa_dir/Becon104Scf00399g0011.1_edited.mfa.rates.elems
GERP_PNG/mfa_dir/Becon104Scf00399g0011.1_edited.mfa.rates.exclude
GERP_PNG/mfa_dir/Becon104Scf00540g0002.1.mfa
GERP_PNG/mfa_dir/Becon104Scf00540g0002.1_edited.mfa
GERP_PNG/mfa_dir/Becon104Scf00540g0002.1_edited.mfa.rates
GERP_PNG/mfa_dir/Becon104Scf00540g0002.1_edited.mfa.rates.elems
GERP_PNG/mfa_dir/Becon104Scf00540g0002.1_edited.mfa.rates.exclude
GERP_PNG/mfa_dir/Becon104Scf00540g0006.1.mfa
GERP_PNG/mfa_dir/Becon104Scf00540g0006.1_edited.mfa
GERP_PNG/mfa_dir/Becon104Scf00540g0006.1_edited.mfa.rates
GERP_PNG/mfa_dir/Becon104Scf00540g0006.1_edited.mfa.rates.elems
GERP_PNG/mfa_dir/Becon104Scf00540g0006.1_edited.mfa.rates.exclude
GERP_PNG/mfa_dir/Becon104Scf00567g0021.1.mfa
GERP_PNG/mfa_dir/Becon104Scf00567g0021.1_edited.mfa
GERP_PNG/mfa_dir/Becon104Scf00567g0021.1_edited.mfa.rates
GERP_PNG/mfa_dir/Becon104Scf00567g0021.1_edited.mfa.rates.elems
GERP_PNG/mfa_dir/Becon104Scf00567g0021.1_edited.mfa.rates.exclude
GERP_PNG/mfa_dir/Becon104Scf00574g0014.1.mfa
GERP_PNG/mfa_dir/Becon104Scf00574g0014.1_edited.mfa
GERP_PNG/mfa_dir/Becon104Scf00574g0014.1_edited.mfa.rates
GERP_PNG/mfa_dir/Becon104Scf00574g0014.1_edited.mfa.rates.elems
GERP_PNG/mfa_dir/Becon104Scf00574g0014.1_edited.mfa.rates.exclude
GERP_PNG/mfa_dir/Becon104Scf00622g0014.1.mfa
GERP_PNG/mfa_dir/Becon104Scf00622g0014.1_edited.mfa
GERP_PNG/mfa_dir/Becon104Scf00622g0014.1_edited.mfa.rates
GERP_PNG/mfa_dir/Becon104Scf00622g0014.1_edited.mfa.rates.elems
GERP_PNG/mfa_dir/Becon104Scf00622g0014.1_edited.mfa.rates.exclude
GERP_PNG/mfa_dir/Becon104Scf00639g0084.1.mfa
GERP_PNG/mfa_dir/Becon104Scf00639g0084.1_edited.mfa
GERP_PNG/mfa_dir/Becon104Scf00639g0084.1_edited.mfa.rates
GERP_PNG/mfa_dir/Becon104Scf00639g0084.1_edited.mfa.rates.elems
GERP_PNG/mfa_dir/Becon104Scf00639g0084.1_edited.mfa.rates.exclude
GERP_PNG/mfa_dir/Becon104Scf00645g0001.1.mfa
GERP_PNG/mfa_dir/Becon104Scf00645g0001.1_edited.mfa
GERP_PNG/mfa_dir/Becon104Scf00645g0001.1_edited.mfa.rates
GERP_PNG/mfa_dir/Becon104Scf00645g0001.1_edited.mfa.rates.elems
GERP_PNG/mfa_dir/Becon104Scf00645g0001.1_edited.mfa.rates.exclude
GERP_PNG/mfa_dir/Becon104Scf00654g0008.1.mfa
GERP_PNG/mfa_dir/Becon104Scf00654g0008.1_edited.mfa
GERP_PNG/mfa_dir/Becon104Scf00654g0008.1_edited.mfa.rates
GERP_PNG/mfa_dir/Becon104Scf00654g0008.1_edited.mfa.rates.elems
GERP_PNG/mfa_dir/Becon104Scf00654g0008.1_edited.mfa.rates.exclude
GERP_PNG/mfa_dir/Becon104Scf00755g0002.1.mfa
GERP_PNG/mfa_dir/Becon104Scf00755g0002.1_edited.mfa
GERP_PNG/mfa_dir/Becon104Scf00755g0002.1_edited.mfa.rates
GERP_PNG/mfa_dir/Becon104Scf00755g0002.1_edited.mfa.rates.elems
GERP_PNG/mfa_dir/Becon104Scf00755g0002.1_edited.mfa.rates.exclude
GERP_PNG/mfa_dir/Becon104Scf00845g0063.1.mfa
GERP_PNG/mfa_dir/Becon104Scf00845g0063.1_edited.mfa
GERP_PNG/mfa_dir/Becon104Scf00845g0063.1_edited.mfa.rates
GERP_PNG/mfa_dir/Becon104Scf00845g0063.1_edited.mfa.rates.elems
GERP_PNG/mfa_dir/Becon104Scf00845g0063.1_edited.mfa.rates.exclude
GERP_PNG/mfa_dir/Becon104Scf01004g0001.1.mfa
GERP_PNG/mfa_dir/Becon104Scf01004g0001.1_edited.mfa
GERP_PNG/mfa_dir/Becon104Scf01004g0001.1_edited.mfa.rates
GERP_PNG/mfa_dir/Becon104Scf01004g0001.1_edited.mfa.rates.elems
GERP_PNG/mfa_dir/Becon104Scf01004g0001.1_edited.mfa.rates.exclude
GERP_PNG/mfa_dir/Becon104Scf01085g0064.1.mfa
GERP_PNG/mfa_dir/Becon104Scf01085g0064.1_edited.mfa
GERP_PNG/mfa_dir/Becon104Scf01085g0064.1_edited.mfa.rates
GERP_PNG/mfa_dir/Becon104Scf01085g0064.1_edited.mfa.rates.elems
GERP_PNG/mfa_dir/Becon104Scf01085g0064.1_edited.mfa.rates.exclude
GERP_PNG/mfa_dir/Becon104Scf01122g0006.1.mfa
GERP_PNG/mfa_dir/Becon104Scf01122g0006.1_edited.mfa
GERP_PNG/mfa_dir/Becon104Scf01122g0006.1_edited.mfa.rates
GERP_PNG/mfa_dir/Becon104Scf01122g0006.1_edited.mfa.rates.elems
GERP_PNG/mfa_dir/Becon104Scf01122g0006.1_edited.mfa.rates.exclude
GERP_PNG/mfa_dir/Becon104Scf01167g0029.1.mfa
GERP_PNG/mfa_dir/Becon104Scf01167g0029.1_edited.mfa
GERP_PNG/mfa_dir/Becon104Scf01167g0029.1_edited.mfa.rates
GERP_PNG/mfa_dir/Becon104Scf01167g0029.1_edited.mfa.rates.elems
GERP_PNG/mfa_dir/Becon104Scf01167g0029.1_edited.mfa.rates.exclude
GERP_PNG/mfa_dir/Becon104Scf01396g0025.1.mfa
GERP_PNG/mfa_dir/Becon104Scf01396g0025.1_edited.mfa
GERP_PNG/mfa_dir/Becon104Scf01396g0025.1_edited.mfa.rates
GERP_PNG/mfa_dir/Becon104Scf01396g0025.1_edited.mfa.rates.elems
GERP_PNG/mfa_dir/Becon104Scf01396g0025.1_edited.mfa.rates.exclude
GERP_PNG/mfa_dir/Becon104Scf01446g0053.1.mfa
GERP_PNG/mfa_dir/Becon104Scf01446g0053.1_edited.mfa
GERP_PNG/mfa_dir/Becon104Scf01446g0053.1_edited.mfa.rates
GERP_PNG/mfa_dir/Becon104Scf01446g0053.1_edited.mfa.rates.elems
GERP_PNG/mfa_dir/Becon104Scf01446g0053.1_edited.mfa.rates.exclude
GERP_PNG/mfa_dir/Becon104Scf01449g0053.1.mfa
GERP_PNG/mfa_dir/Becon104Scf01449g0053.1_edited.mfa
GERP_PNG/mfa_dir/Becon104Scf01449g0053.1_edited.mfa.rates
GERP_PNG/mfa_dir/Becon104Scf01449g0053.1_edited.mfa.rates.elems
GERP_PNG/mfa_dir/Becon104Scf01449g0053.1_edited.mfa.rates.exclude
GERP_PNG/mfa_dir/Becon104Scf01845g0012.1.mfa
GERP_PNG/mfa_dir/Becon104Scf01845g0012.1_edited.mfa
GERP_PNG/mfa_dir/Becon104Scf01845g0012.1_edited.mfa.rates
GERP_PNG/mfa_dir/Becon104Scf01845g0012.1_edited.mfa.rates.elems
GERP_PNG/mfa_dir/Becon104Scf01845g0012.1_edited.mfa.rates.exclude
GERP_PNG/mfa_dir/Becon104Scf02322g0015.1.mfa
GERP_PNG/mfa_dir/Becon104Scf02322g0015.1_edited.mfa
GERP_PNG/mfa_dir/Becon104Scf02322g0015.1_edited.mfa.rates
GERP_PNG/mfa_dir/Becon104Scf02322g0015.1_edited.mfa.rates.elems
GERP_PNG/mfa_dir/Becon104Scf02322g0015.1_edited.mfa.rates.exclude
GERP_PNG/mfa_dir/Becon104Scf02403g0003.1.mfa
GERP_PNG/mfa_dir/Becon104Scf02403g0003.1_edited.mfa
GERP_PNG/mfa_dir/Becon104Scf02403g0003.1_edited.mfa.rates
GERP_PNG/mfa_dir/Becon104Scf02403g0003.1_edited.mfa.rates.elems
GERP_PNG/mfa_dir/Becon104Scf02403g0003.1_edited.mfa.rates.exclude
GERP_PNG/mfa_dir/Becon104Scf02614g0016.1.mfa
GERP_PNG/mfa_dir/Becon104Scf02614g0016.1_edited.mfa
GERP_PNG/mfa_dir/Becon104Scf02614g0016.1_edited.mfa.rates
GERP_PNG/mfa_dir/Becon104Scf02614g0016.1_edited.mfa.rates.elems
GERP_PNG/mfa_dir/Becon104Scf02614g0016.1_edited.mfa.rates.exclude
GERP_PNG/mfa_dir/Becon104Scf02747g0032.1.mfa
GERP_PNG/mfa_dir/Becon104Scf02747g0032.1_edited.mfa
GERP_PNG/mfa_dir/Becon104Scf02747g0032.1_edited.mfa.rates
GERP_PNG/mfa_dir/Becon104Scf02747g0032.1_edited.mfa.rates.elems
GERP_PNG/mfa_dir/Becon104Scf02747g0032.1_edited.mfa.rates.exclude
GERP_PNG/mfa_dir/Becon104Scf02854g0002.1.mfa
GERP_PNG/mfa_dir/Becon104Scf02854g0002.1_edited.mfa
GERP_PNG/mfa_dir/Becon104Scf02854g0002.1_edited.mfa.rates
GERP_PNG/mfa_dir/Becon104Scf02854g0002.1_edited.mfa.rates.elems
GERP_PNG/mfa_dir/Becon104Scf02854g0002.1_edited.mfa.rates.exclude
GERP_PNG/mfa_dir/Becon104Scf03109g0024.1.mfa
GERP_PNG/mfa_dir/Becon104Scf03109g0024.1_edited.mfa
GERP_PNG/mfa_dir/Becon104Scf03109g0024.1_edited.mfa.rates
GERP_PNG/mfa_dir/Becon104Scf03109g0024.1_edited.mfa.rates.elems
GERP_PNG/mfa_dir/Becon104Scf03109g0024.1_edited.mfa.rates.exclude
GERP_PNG/mfa_dir/Becon104Scf03147g0009.1.mfa
GERP_PNG/mfa_dir/Becon104Scf03147g0009.1_edited.mfa
GERP_PNG/mfa_dir/Becon104Scf03147g0009.1_edited.mfa.rates
GERP_PNG/mfa_dir/Becon104Scf03147g0009.1_edited.mfa.rates.elems
GERP_PNG/mfa_dir/Becon104Scf03147g0009.1_edited.mfa.rates.exclude
GERP_PNG/mfa_dir/Becon104Scf03378g0023.1.mfa
GERP_PNG/mfa_dir/Becon104Scf03378g0023.1_edited.mfa
GERP_PNG/mfa_dir/Becon104Scf03378g0023.1_edited.mfa.rates
GERP_PNG/mfa_dir/Becon104Scf03378g0023.1_edited.mfa.rates.elems
GERP_PNG/mfa_dir/Becon104Scf03378g0023.1_edited.mfa.rates.exclude
GERP_PNG/mfa_dir/Becon104Scf04023g0006.1.mfa
GERP_PNG/mfa_dir/Becon104Scf04023g0006.1_edited.mfa
GERP_PNG/mfa_dir/Becon104Scf04023g0006.1_edited.mfa.rates
GERP_PNG/mfa_dir/Becon104Scf04023g0006.1_edited.mfa.rates.elems
GERP_PNG/mfa_dir/Becon104Scf04023g0006.1_edited.mfa.rates.exclude
GERP_PNG/mfa_dir/Becon104Scf05057g0012.1.mfa
GERP_PNG/mfa_dir/Becon104Scf05057g0012.1_edited.mfa
GERP_PNG/mfa_dir/Becon104Scf05057g0012.1_edited.mfa.rates
GERP_PNG/mfa_dir/Becon104Scf05057g0012.1_edited.mfa.rates.elems
GERP_PNG/mfa_dir/Becon104Scf05057g0012.1_edited.mfa.rates.exclude
GERP_PNG/mfa_dir/Becon104Scf05579g0008.1.mfa
GERP_PNG/mfa_dir/Becon104Scf05579g0008.1_edited.mfa
GERP_PNG/mfa_dir/Becon104Scf05579g0008.1_edited.mfa.rates
GERP_PNG/mfa_dir/Becon104Scf05579g0008.1_edited.mfa.rates.elems
GERP_PNG/mfa_dir/Becon104Scf05579g0008.1_edited.mfa.rates.exclude
GERP_PNG/mfa_dir/Becon104Scf07591g0002.1.mfa
GERP_PNG/mfa_dir/Becon104Scf07591g0002.1_edited.mfa
GERP_PNG/mfa_dir/Becon104Scf07591g0002.1_edited.mfa.rates
GERP_PNG/mfa_dir/Becon104Scf07591g0002.1_edited.mfa.rates.elems
GERP_PNG/mfa_dir/Becon104Scf07591g0002.1_edited.mfa.rates.exclude
GERP_PNG/mfa_dir/Becon104Scf07961g0002.1.mfa
GERP_PNG/mfa_dir/Becon104Scf07961g0002.1_edited.mfa
GERP_PNG/mfa_dir/Becon104Scf07961g0002.1_edited.mfa.rates
GERP_PNG/mfa_dir/Becon104Scf07961g0002.1_edited.mfa.rates.elems
GERP_PNG/mfa_dir/Becon104Scf07961g0002.1_edited.mfa.rates.exclude
GERP_PNG/mfa_dir/Becon104Scf09217g0008.1.mfa
GERP_PNG/mfa_dir/Becon104Scf09217g0008.1_edited.mfa
GERP_PNG/mfa_dir/Becon104Scf09217g0008.1_edited.mfa.rates
GERP_PNG/mfa_dir/Becon104Scf09217g0008.1_edited.mfa.rates.elems
GERP_PNG/mfa_dir/Becon104Scf09217g0008.1_edited.mfa.rates.exclude
GERP_PNG/mfa_dir/Becon104Scf09794g0002.1.mfa
GERP_PNG/mfa_dir/Becon104Scf09794g0002.1_edited.mfa
GERP_PNG/mfa_dir/Becon104Scf09794g0002.1_edited.mfa.rates
GERP_PNG/mfa_dir/Becon104Scf09794g0002.1_edited.mfa.rates.elems
GERP_PNG/mfa_dir/Becon104Scf09794g0002.1_edited.mfa.rates.exclude
GERP_PNG/mfa_dir/Becon104Scf14253g0001.1.mfa
GERP_PNG/mfa_dir/Becon104Scf14253g0001.1_edited.mfa
GERP_PNG/mfa_dir/Becon104Scf14253g0001.1_edited.mfa.rates
GERP_PNG/mfa_dir/Becon104Scf14253g0001.1_edited.mfa.rates.elems
GERP_PNG/mfa_dir/Becon104Scf14253g0001.1_edited.mfa.rates.exclude

sent 4.97M bytes  received 22.48K bytes  269.71K bytes/sec
total size is 587.30M  speedup is 117.71
